[2026-04-14 16:51:18] [Phase 8 | dir1] Running: bash /home/moritz.pabst/sherpa-on-the-rocks/yodamerge_runs.sh --rm validation 8
Scanning input folder: validation

Merge configuration:
  input folders  : 1
  total targets  : 2
  parallel jobs  : 8
  chunked mode   : disabled
  nmax           : all
  remove subdirs : true
  output dir     : <in-place>

Processing 2 nested directories...
Merging YODA files into validation/tune.err.1_0.dir1/tune.err.1_0.dir1.yoda...
Merging YODA files into validation/tune.1_0.dir1/tune.1_0.dir1.yoda...
Merging data file validation/tune.1_0.dir1/00/00.yoda.gz [1/3]
Merging data file validation/tune.1_0.dir1/01/01.yoda.gz [2/3]
Merging data file validation/tune.1_0.dir1/02/02.yoda.gz [3/3]
Writing merged data to validation/tune.1_0.dir1/tune.1_0.dir1.yoda
Merging data file validation/tune.err.1_0.dir1/00/00.yoda.gz [1/3]
Merging data file validation/tune.err.1_0.dir1/01/01.yoda.gz [2/3]
Merging data file validation/tune.err.1_0.dir1/02/02.yoda.gz [3/3]
Writing merged data to validation/tune.err.1_0.dir1/tune.err.1_0.dir1.yoda
Removing validation/tune.1_0.dir1/00...
Removing validation/tune.1_0.dir1/01...
Removing validation/tune.1_0.dir1/02...
Removing validation/tune.err.1_0.dir1/00...
Removing validation/tune.err.1_0.dir1/01...
Removing validation/tune.err.1_0.dir1/02...
Done! Merge run finished.
[2026-04-14 16:51:20] [Phase 8 | dir1] Completed successfully.
