000 (38612892.000.000) 2026-04-14 16:46:00 Job submitted from host: <10.255.1.98:22107?addrs=10.255.1.98-22107&alias=rocks9.local>
    DAG Node: P6_D1
...
001 (38612892.000.000) 2026-04-14 16:47:10 Job executing on host: <10.255.255.132:37279?addrs=10.255.255.132-37279&alias=compute-19-13.local>
	SlotName: slot1_46@compute-19-13.local
	CondorScratchDir = "/scratch/condor/execute/dir_285933"
	Cpus = 1
	Disk = 3072
	GPUs = 0
	Memory = 128
...
006 (38612892.000.000) 2026-04-14 16:47:13 Image size of job updated: 1500
	0  -  MemoryUsage of job (MB)
	0  -  ResidentSetSize of job (KB)
...
005 (38612892.000.000) 2026-04-14 16:47:13 Job terminated.
	(1) Normal termination (return value 0)
		Usr 0 00:00:00, Sys 0 00:00:00  -  Run Remote Usage
		Usr 0 00:00:00, Sys 0 00:00:00  -  Run Local Usage
		Usr 0 00:00:00, Sys 0 00:00:00  -  Total Remote Usage
		Usr 0 00:00:00, Sys 0 00:00:00  -  Total Local Usage
	0  -  Run Bytes Sent By Job
	0  -  Run Bytes Received By Job
	0  -  Total Bytes Sent By Job
	0  -  Total Bytes Received By Job
	Partitionable Resources :    Usage  Request Allocated 
	   Cpus                 :        0        1         1 
	   Disk (KB)            :     1500     1500      3072 
	   GPUs                 :                           0 
	   Memory (MB)          :        0        2       128 
...
