000 (38612882.000.000) 2026-04-14 16:36:27 Job submitted from host: <10.255.1.98:22107?addrs=10.255.1.98-22107&alias=rocks9.local>
    DAG Node: P1_D1
...
001 (38612882.000.000) 2026-04-14 16:37:07 Job executing on host: <10.255.255.152:35773?addrs=10.255.255.152-35773&alias=compute-19-7.local>
	SlotName: slot1_54@compute-19-7.local
	CondorScratchDir = "/scratch/condor/execute/dir_3202613"
	Cpus = 1
	Disk = 3072
	GPUs = 0
	Memory = 128
...
006 (38612882.000.000) 2026-04-14 16:37:16 Image size of job updated: 17532
	18  -  MemoryUsage of job (MB)
	17532  -  ResidentSetSize of job (KB)
...
006 (38612882.000.000) 2026-04-14 16:37:31 Image size of job updated: 49724
	18  -  MemoryUsage of job (MB)
	17532  -  ResidentSetSize of job (KB)
...
005 (38612882.000.000) 2026-04-14 16:37:31 Job terminated.
	(1) Normal termination (return value 0)
		Usr 0 00:00:03, Sys 0 00:00:00  -  Run Remote Usage
		Usr 0 00:00:00, Sys 0 00:00:00  -  Run Local Usage
		Usr 0 00:00:03, Sys 0 00:00:00  -  Total Remote Usage
		Usr 0 00:00:00, Sys 0 00:00:00  -  Total Local Usage
	0  -  Run Bytes Sent By Job
	0  -  Run Bytes Received By Job
	0  -  Total Bytes Sent By Job
	0  -  Total Bytes Received By Job
	Partitionable Resources :    Usage  Request Allocated 
	   Cpus                 :        0        1         1 
	   Disk (KB)            :     1500     1500      3072 
	   GPUs                 :                           0 
	   Memory (MB)          :       18        2       128 
...
