000 (38612888.003.000) 2026-04-14 16:38:20 Job submitted from host: <10.255.1.98:22107?addrs=10.255.1.98-22107&alias=rocks9.local>
    DAG Node: P2_D1
...
001 (38612888.003.000) 2026-04-14 16:38:53 Job executing on host: <10.255.254.179:46719?addrs=10.255.254.179-46719&alias=compute-13-15.local>
	SlotName: slot1_5@compute-13-15.local
	CondorScratchDir = "/scratch/condor/execute/dir_1613669"
	Cpus = 1
	Disk = 3072
	GPUs = 0
	Memory = 128
...
006 (38612888.003.000) 2026-04-14 16:39:01 Image size of job updated: 41076
	41  -  MemoryUsage of job (MB)
	41076  -  ResidentSetSize of job (KB)
...
006 (38612888.003.000) 2026-04-14 16:40:14 Image size of job updated: 99128
	41  -  MemoryUsage of job (MB)
	41076  -  ResidentSetSize of job (KB)
...
004 (38612888.003.000) 2026-04-14 16:40:14 Job was evicted.
	(0) CPU times
		Usr 0 00:01:11, Sys 0 00:00:00  -  Run Remote Usage
		Usr 0 00:00:00, Sys 0 00:00:00  -  Run Local Usage
	0  -  Run Bytes Sent By Job
	0  -  Run Bytes Received By Job
	Partitionable Resources :    Usage  Request Allocated 
	   Cpus                 :        0        1         1 
	   Disk (KB)            :     1500     1500      3072 
	   GPUs                 :                           0 
	   Memory (MB)          :       41        2       128 
...
009 (38612888.003.000) 2026-04-14 16:40:14 Job was aborted.
	Node Error: DAG node P2_D1 (38612888.42.0) failed with signal -1. (by user moritz.pabst)
...
