000 (38612888.013.000) 2026-04-14 16:38:20 Job submitted from host: <10.255.1.98:22107?addrs=10.255.1.98-22107&alias=rocks9.local>
    DAG Node: P2_D1
...
001 (38612888.013.000) 2026-04-14 16:38:53 Job executing on host: <10.255.255.92:34423?addrs=10.255.255.92-34423&alias=compute-21-22.local>
	SlotName: slot1_77@compute-21-22.local
	CondorScratchDir = "/scratch/condor/execute/dir_3678464"
	Cpus = 1
	Disk = 3823
	GPUs = 0
	Memory = 128
...
006 (38612888.013.000) 2026-04-14 16:39:02 Image size of job updated: 41080
	41  -  MemoryUsage of job (MB)
	41080  -  ResidentSetSize of job (KB)
...
006 (38612888.013.000) 2026-04-14 16:41:25 Image size of job updated: 99420
	41  -  MemoryUsage of job (MB)
	41080  -  ResidentSetSize of job (KB)
...
004 (38612888.013.000) 2026-04-14 16:41:25 Job was evicted.
	(0) CPU times
		Usr 0 00:02:19, Sys 0 00:00:04  -  Run Remote Usage
		Usr 0 00:00:00, Sys 0 00:00:00  -  Run Local Usage
	0  -  Run Bytes Sent By Job
	0  -  Run Bytes Received By Job
	Partitionable Resources :    Usage  Request Allocated 
	   Cpus                 :     0.98        1         1 
	   Disk (KB)            :  1500        1500      3823 
	   GPUs                 :                           0 
	   Memory (MB)          :    41           2       128 
...
009 (38612888.013.000) 2026-04-14 16:41:25 Job was aborted.
	Node Error: DAG node P2_D1 (38612888.42.0) failed with signal -1. (by user moritz.pabst)
...
