000 (38612888.009.000) 2026-04-14 16:38:20 Job submitted from host: <10.255.1.98:22107?addrs=10.255.1.98-22107&alias=rocks9.local>
    DAG Node: P2_D1
...
001 (38612888.009.000) 2026-04-14 16:38:54 Job executing on host: <10.255.255.116:45581?addrs=10.255.255.116-45581&alias=compute-20-16.local>
	SlotName: slot1_22@compute-20-16.local
	CondorScratchDir = "/scratch/condor/execute/dir_3451818"
	Cpus = 1
	Disk = 3072
	GPUs = 0
	Memory = 128
...
006 (38612888.009.000) 2026-04-14 16:38:56 Image size of job updated: 1500
	0  -  MemoryUsage of job (MB)
	0  -  ResidentSetSize of job (KB)
...
005 (38612888.009.000) 2026-04-14 16:38:56 Job terminated.
	(1) Normal termination (return value 1)
		Usr 0 00:00:00, Sys 0 00:00:00  -  Run Remote Usage
		Usr 0 00:00:00, Sys 0 00:00:00  -  Run Local Usage
		Usr 0 00:00:00, Sys 0 00:00:00  -  Total Remote Usage
		Usr 0 00:00:00, Sys 0 00:00:00  -  Total Local Usage
	0  -  Run Bytes Sent By Job
	0  -  Run Bytes Received By Job
	0  -  Total Bytes Sent By Job
	0  -  Total Bytes Received By Job
	Partitionable Resources :    Usage  Request Allocated 
	   Cpus                 :        0        1         1 
	   Disk (KB)            :     1500     1500      3072 
	   GPUs                 :                           0 
	   Memory (MB)          :        0        2       128 
...
