000 (38612893.003.000) 2026-04-14 16:47:20 Job submitted from host: <10.255.1.98:22107?addrs=10.255.1.98-22107&alias=rocks9.local>
    DAG Node: P7_D1
...
001 (38612893.003.000) 2026-04-14 16:47:45 Job executing on host: <10.255.255.201:43551?addrs=10.255.255.201-43551&alias=compute-16-10.local>
	SlotName: slot1_27@compute-16-10.local
	CondorScratchDir = "/scratch/condor/execute/dir_226371"
	Cpus = 1
	Disk = 3072
	GPUs = 0
	Memory = 128
...
006 (38612893.003.000) 2026-04-14 16:47:54 Image size of job updated: 41088
	41  -  MemoryUsage of job (MB)
	41088  -  ResidentSetSize of job (KB)
...
006 (38612893.003.000) 2026-04-14 16:49:05 Image size of job updated: 99540
	41  -  MemoryUsage of job (MB)
	41088  -  ResidentSetSize of job (KB)
...
005 (38612893.003.000) 2026-04-14 16:49:05 Job terminated.
	(1) Normal termination (return value 0)
		Usr 0 00:01:14, Sys 0 00:00:01  -  Run Remote Usage
		Usr 0 00:00:00, Sys 0 00:00:00  -  Run Local Usage
		Usr 0 00:01:14, Sys 0 00:00:01  -  Total Remote Usage
		Usr 0 00:00:00, Sys 0 00:00:00  -  Total Local Usage
	0  -  Run Bytes Sent By Job
	0  -  Run Bytes Received By Job
	0  -  Total Bytes Sent By Job
	0  -  Total Bytes Received By Job
	Partitionable Resources :    Usage  Request Allocated 
	   Cpus                 :        0        1         1 
	   Disk (KB)            :     1500     1500      3072 
	   GPUs                 :                           0 
	   Memory (MB)          :       41        2       128 
...
