000 (38612896.000.000) 2026-04-14 16:51:25 Job submitted from host: <10.255.1.98:22107?addrs=10.255.1.98-22107&alias=rocks9.local>
    DAG Node: P9
...
001 (38612896.000.000) 2026-04-14 16:51:51 Job executing on host: <10.255.255.112:42407?addrs=10.255.255.112-42407&alias=compute-21-2.local>
	SlotName: slot1_57@compute-21-2.local
	CondorScratchDir = "/scratch/condor/execute/dir_3900319"
	Cpus = 8
	Disk = 3072
	GPUs = 0
	Memory = 128
...
006 (38612896.000.000) 2026-04-14 16:52:00 Image size of job updated: 44164
	44  -  MemoryUsage of job (MB)
	44164  -  ResidentSetSize of job (KB)
...
006 (38612896.000.000) 2026-04-14 16:52:11 Image size of job updated: 69016
	44  -  MemoryUsage of job (MB)
	44164  -  ResidentSetSize of job (KB)
...
005 (38612896.000.000) 2026-04-14 16:52:11 Job terminated.
	(1) Normal termination (return value 0)
		Usr 0 00:00:12, Sys 0 00:00:05  -  Run Remote Usage
		Usr 0 00:00:00, Sys 0 00:00:00  -  Run Local Usage
		Usr 0 00:00:12, Sys 0 00:00:05  -  Total Remote Usage
		Usr 0 00:00:00, Sys 0 00:00:00  -  Total Local Usage
	0  -  Run Bytes Sent By Job
	0  -  Run Bytes Received By Job
	0  -  Total Bytes Sent By Job
	0  -  Total Bytes Received By Job
	Partitionable Resources :    Usage  Request Allocated 
	   Cpus                 :        0        8         8 
	   Disk (KB)            :     1500     1500      3072 
	   GPUs                 :                           0 
	   Memory (MB)          :       44        2       128 
...
