04/14/26 16:36:26 ******************************************************
04/14/26 16:36:26 ** condor_scheduniv_exec.38612881.0 (CONDOR_DAGMAN) STARTING UP
04/14/26 16:36:26 ** /usr/bin/condor_dagman
04/14/26 16:36:26 ** SubsystemInfo: name=DAGMAN type=DAGMAN(9) class=CLIENT(2)
04/14/26 16:36:26 ** Configuration: subsystem:DAGMAN local:<NONE> class:CLIENT
04/14/26 16:36:26 ** $CondorVersion: 23.0.28 2025-08-21 BuildID: 827396 PackageID: 23.0.28-1 $
04/14/26 16:36:26 ** $CondorPlatform: x86_64_AlmaLinux9 $
04/14/26 16:36:26 ** PID = 1940914
04/14/26 16:36:26 ** Log last touched time unavailable (No such file or directory)
04/14/26 16:36:26 ******************************************************
04/14/26 16:36:26 Using config source: /etc/condor/condor_config
04/14/26 16:36:26 Using local config sources: 
04/14/26 16:36:26    /etc/condor/config.d/00-htcondor-9.0.config
04/14/26 16:36:26    /etc/condor/config.d/00logging.conf
04/14/26 16:36:26    /etc/condor/config.d/00masterd.conf
04/14/26 16:36:26    /etc/condor/config.d/02network.conf
04/14/26 16:36:26    /etc/condor/config.d/04defragd.conf
04/14/26 16:36:26    /etc/condor/config.d/05disable_vo.conf
04/14/26 16:36:26    /etc/condor/config.d/06accounting.conf
04/14/26 16:36:26    /etc/condor/config.d/08userlimits.conf
04/14/26 16:36:26    /etc/condor/config.d/10-stash-plugin.conf
04/14/26 16:36:26    /etc/condor/config.d/11credentials.conf
04/14/26 16:36:26    /etc/condor/config.d/20rebooter.conf
04/14/26 16:36:26    /etc/condor/config.d/99Singularity.conf
04/14/26 16:36:26    /etc/condor/config.d/99tmplhcbtuning.conf
04/14/26 16:36:26    /etc/condor/config.d/99userjobwrapper.conf
04/14/26 16:36:26    /etc/condor/condor_config.local
04/14/26 16:36:26 config Macros = 170, Sorted = 170, StringBytes = 9054, TablesBytes = 6280
04/14/26 16:36:26 CLASSAD_CACHING is ENABLED
04/14/26 16:36:26 Daemon Log is logging: D_ALWAYS D_ERROR D_STATUS
04/14/26 16:36:26 DaemonCore: No command port requested.
04/14/26 16:36:26 DAGMAN_USE_STRICT setting: 1
04/14/26 16:36:26 DAGMAN_VERBOSITY setting: 3
04/14/26 16:36:26 DAGMAN_DEBUG_CACHE_SIZE setting: 5242880
04/14/26 16:36:26 DAGMAN_DEBUG_CACHE_ENABLE setting: False
04/14/26 16:36:26 DAGMAN_SUBMIT_DELAY setting: 0
04/14/26 16:36:26 DAGMAN_MAX_SUBMIT_ATTEMPTS setting: 6
04/14/26 16:36:26 DAGMAN_STARTUP_CYCLE_DETECT setting: False
04/14/26 16:36:26 DAGMAN_MAX_SUBMITS_PER_INTERVAL setting: 100
04/14/26 16:36:26 DAGMAN_AGGRESSIVE_SUBMIT setting: False
04/14/26 16:36:26 DAGMAN_USER_LOG_SCAN_INTERVAL setting: 5
04/14/26 16:36:26 DAGMAN_QUEUE_UPDATE_INTERVAL setting: 300
04/14/26 16:36:26 DAGMAN_DEFAULT_PRIORITY setting: 0
04/14/26 16:36:26 DAGMAN_SUPPRESS_NOTIFICATION setting: True
04/14/26 16:36:26 allow_events (DAGMAN_ALLOW_EVENTS) setting: 114
04/14/26 16:36:26 DAGMAN_RETRY_SUBMIT_FIRST setting: True
04/14/26 16:36:26 DAGMAN_RETRY_NODE_FIRST setting: False
04/14/26 16:36:26 DAGMAN_MAX_JOBS_IDLE setting: 1000
04/14/26 16:36:26 DAGMAN_MAX_JOBS_SUBMITTED setting: 0
04/14/26 16:36:26 DAGMAN_MAX_PRE_SCRIPTS setting: 20
04/14/26 16:36:26 DAGMAN_MAX_POST_SCRIPTS setting: 20
04/14/26 16:36:26 DAGMAN_MAX_HOLD_SCRIPTS setting: 20
04/14/26 16:36:26 DAGMAN_MUNGE_NODE_NAMES setting: True
04/14/26 16:36:26 DAGMAN_PROHIBIT_MULTI_JOBS setting: False
04/14/26 16:36:26 DAGMAN_SUBMIT_DEPTH_FIRST setting: False
04/14/26 16:36:26 DAGMAN_ALWAYS_RUN_POST setting: False
04/14/26 16:36:26 DAGMAN_CONDOR_SUBMIT_EXE setting: /usr/bin/condor_submit
04/14/26 16:36:26 DAGMAN_USE_DIRECT_SUBMIT setting: True
04/14/26 16:36:26 DAGMAN_DEFAULT_APPEND_VARS setting: False
04/14/26 16:36:26 DAGMAN_ABORT_DUPLICATES setting: True
04/14/26 16:36:26 DAGMAN_ABORT_ON_SCARY_SUBMIT setting: True
04/14/26 16:36:26 DAGMAN_PENDING_REPORT_INTERVAL setting: 600
04/14/26 16:36:26 DAGMAN_AUTO_RESCUE setting: True
04/14/26 16:36:26 DAGMAN_MAX_RESCUE_NUM setting: 100
04/14/26 16:36:26 DAGMAN_WRITE_PARTIAL_RESCUE setting: True
04/14/26 16:36:26 DAGMAN_DEFAULT_NODE_LOG setting: @(DAG_DIR)/@(DAG_FILE).nodes.log
04/14/26 16:36:26 DAGMAN_GENERATE_SUBDAG_SUBMITS setting: True
04/14/26 16:36:26 DAGMAN_MAX_JOB_HOLDS setting: 100
04/14/26 16:36:26 DAGMAN_HOLD_CLAIM_TIME setting: 20
04/14/26 16:36:26 ALL_DEBUG setting: 
04/14/26 16:36:26 DAGMAN_DEBUG setting: 
04/14/26 16:36:26 DAGMAN_SUPPRESS_JOB_LOGS setting: False
04/14/26 16:36:26 DAGMAN_REMOVE_NODE_JOBS setting: True
04/14/26 16:36:26 DAGMAN will adjust edges after parsing
04/14/26 16:36:26 argv[0] == "condor_scheduniv_exec.38612881.0"
04/14/26 16:36:26 argv[1] == "-Lockfile"
04/14/26 16:36:26 argv[2] == "tune.dag.lock"
04/14/26 16:36:26 argv[3] == "-AutoRescue"
04/14/26 16:36:26 argv[4] == "1"
04/14/26 16:36:26 argv[5] == "-DoRescueFrom"
04/14/26 16:36:26 argv[6] == "0"
04/14/26 16:36:26 argv[7] == "-Dag"
04/14/26 16:36:26 argv[8] == "tune.dag"
04/14/26 16:36:26 argv[9] == "-Suppress_notification"
04/14/26 16:36:26 argv[10] == "-CsdVersion"
04/14/26 16:36:26 argv[11] == "$CondorVersion: 23.0.28 2025-08-21 BuildID: 827396 PackageID: 23.0.28-1 $"
04/14/26 16:36:26 argv[12] == "-Dagman"
04/14/26 16:36:26 argv[13] == "/usr/bin/condor_dagman"
04/14/26 16:36:26 Can't open directory "/etc/condor/passwords.d" as PRIV_ROOT, errno: 13 (Permission denied)
04/14/26 16:36:26 Can't open directory "/etc/condor/passwords.d" as PRIV_ROOT, errno: 13 (Permission denied)
04/14/26 16:36:26 Workflow batch-id: <38612881.0>
04/14/26 16:36:26 Workflow batch-name: <tune.dag+38612881>
04/14/26 16:36:26 Workflow accounting_group: <group_THEORIE.bide>
04/14/26 16:36:26 Workflow accounting_group_user: <moritz.pabst>
04/14/26 16:36:26 Warning: failed to get attribute DAGNodeName
04/14/26 16:36:26 DAGMAN_LOG_ON_NFS_IS_ERROR setting: False
04/14/26 16:36:26 Default node log file is: </home/moritz.pabst/MASTER/Drell-Yan/master/./tune.dag.nodes.log>
04/14/26 16:36:26 DAG Lockfile will be written to tune.dag.lock
04/14/26 16:36:26 DAG Input file is tune.dag
04/14/26 16:36:26 Parsing 1 dagfiles
04/14/26 16:36:26 Parsing tune.dag ...
04/14/26 16:36:26 Adjusting edges
04/14/26 16:36:26 Dag contains 8 total jobs
04/14/26 16:36:26 Bootstrapping...
04/14/26 16:36:26 Number of pre-completed nodes: 0
04/14/26 16:36:26 MultiLogFiles: truncating log file /home/moritz.pabst/MASTER/Drell-Yan/master/./tune.dag.nodes.log
04/14/26 16:36:26 DAG status: 0 (DAG_STATUS_OK)
04/14/26 16:36:26 Of 8 nodes total:
04/14/26 16:36:26  Done     Pre   Queued    Post   Ready   Un-Ready   Failed   Futile
04/14/26 16:36:26   ===     ===      ===     ===     ===        ===      ===      ===
04/14/26 16:36:26     0       0        0       0       1          7        0        0
04/14/26 16:36:26 0 job proc(s) currently held
04/14/26 16:36:26 DAGMan Runtime Statistics: [ EventCycleTimeCount = 0.0; EventCycleTimeSum = 0.0; LogProcessCycleTimeCount = 0.0; LogProcessCycleTimeSum = 0.0; SleepCycleTimeCount = 0.0; SleepCycleTimeSum = 0.0; SubmitCycleTimeCount = 0.0; SubmitCycleTimeSum = 0.0; ]
04/14/26 16:36:26 Registering condor_event_timer...
04/14/26 16:36:27 Submitting HTCondor Node P1_D1 job(s)...
04/14/26 16:36:27 Submitting node P1_D1 from file /home/moritz.pabst/sherpa-on-the-rocks/tune/P1.jdf using direct job submission
04/14/26 16:36:27 	assigned HTCondor ID (38612882.0.0)
04/14/26 16:36:27 Just submitted 1 job this cycle...
04/14/26 16:36:27 DAG status: 0 (DAG_STATUS_OK)
04/14/26 16:36:27 Of 8 nodes total:
04/14/26 16:36:27  Done     Pre   Queued    Post   Ready   Un-Ready   Failed   Futile
04/14/26 16:36:27   ===     ===      ===     ===     ===        ===      ===      ===
04/14/26 16:36:27     0       0        1       0       0          7        0        0
04/14/26 16:36:27 0 job proc(s) currently held
04/14/26 16:36:27 DAGMan Runtime Statistics: [ EventCycleTimeCount = 0.0; EventCycleTimeSum = 0.0; LogProcessCycleTimeCount = 0.0; LogProcessCycleTimeSum = 0.0; SleepCycleTimeCount = 0.0; SleepCycleTimeSum = 0.0; SubmitCycleTimeAvg = 0.155634880065918; SubmitCycleTimeCount = 1.0; SubmitCycleTimeMax = 0.155634880065918; SubmitCycleTimeMin = 0.155634880065918; SubmitCycleTimeStd = 0.155634880065918; SubmitCycleTimeSum = 0.155634880065918; ]
04/14/26 16:36:32 Currently monitoring 1 HTCondor log file(s)
04/14/26 16:36:32 Reassigning the id of job P1_D1 from (38612882.0.0) to (38612882.0.0)
04/14/26 16:36:32 Event: ULOG_SUBMIT for HTCondor Node P1_D1 (38612882.0.0) {04/14/26 16:36:27}
04/14/26 16:36:32 Number of idle job procs: 1
04/14/26 16:37:12 Currently monitoring 1 HTCondor log file(s)
04/14/26 16:37:12 Event: ULOG_EXECUTE for HTCondor Node P1_D1 (38612882.0.0) {04/14/26 16:37:07}
04/14/26 16:37:12 Number of idle job procs: 0
04/14/26 16:37:32 Currently monitoring 1 HTCondor log file(s)
04/14/26 16:37:32 Event: ULOG_JOB_TERMINATED for HTCondor Node P1_D1 (38612882.0.0) {04/14/26 16:37:31}
04/14/26 16:37:32 Number of idle job procs: 0
04/14/26 16:37:32 Node P1_D1 job proc (38612882.0.0) completed successfully.
04/14/26 16:37:32 Node P1_D1 job completed
04/14/26 16:37:32 DAG status: 0 (DAG_STATUS_OK)
04/14/26 16:37:32 Of 8 nodes total:
04/14/26 16:37:32  Done     Pre   Queued    Post   Ready   Un-Ready   Failed   Futile
04/14/26 16:37:32   ===     ===      ===     ===     ===        ===      ===      ===
04/14/26 16:37:32     1       0        0       0       1          6        0        0
04/14/26 16:37:32 0 job proc(s) currently held
04/14/26 16:37:32 DAGMan Runtime Statistics: [ EventCycleTimeAvg = 0.0121150016784668; EventCycleTimeCount = 13.0; EventCycleTimeMax = 0.1557149887084961; EventCycleTimeMin = 1.502037048339844E-05; EventCycleTimeStd = 0.04314681657649694; EventCycleTimeSum = 0.1574950218200684; LogProcessCycleTimeAvg = 0.0002266565958658854; LogProcessCycleTimeCount = 3.0; LogProcessCycleTimeMax = 0.0002942085266113281; LogProcessCycleTimeMin = 0.0001499652862548828; LogProcessCycleTimeStd = 7.25546296363506E-05; LogProcessCycleTimeSum = 0.0006799697875976562; SleepCycleTimeAvg = 5.005192389855018; SleepCycleTimeCount = 13.0; SleepCycleTimeMax = 5.006037950515747; SleepCycleTimeMin = 5.005070924758911; SleepCycleTimeStd = 0.0002554618824363239; SleepCycleTimeSum = 65.06750106811523; SubmitCycleTimeAvg = 0.01113433497292655; SubmitCycleTimeCount = 14.0; SubmitCycleTimeMax = 0.155634880065918; SubmitCycleTimeMin = 5.960464477539062E-06; SubmitCycleTimeStd = 0.04159012877739288; SubmitCycleTimeSum = 0.1558806896209717; ]
04/14/26 16:37:37 Submitting HTCondor Node P2_D1 job(s)...
04/14/26 16:37:37 Submitting node P2_D1 from file /home/moritz.pabst/sherpa-on-the-rocks/tune/P2.jdf using direct job submission
04/14/26 16:37:37 ERROR: on Line 9 of submit file: 
04/14/26 16:37:37 Job submit try 1/6 failed, will try again in >= 1 second.
04/14/26 16:37:42 Submitting HTCondor Node P2_D1 job(s)...
04/14/26 16:37:42 Submitting node P2_D1 from file /home/moritz.pabst/sherpa-on-the-rocks/tune/P2.jdf using direct job submission
04/14/26 16:37:42 ERROR: on Line 9 of submit file: 
04/14/26 16:37:42 Job submit try 2/6 failed, will try again in >= 2 seconds.
04/14/26 16:37:47 Submitting HTCondor Node P2_D1 job(s)...
04/14/26 16:37:47 Submitting node P2_D1 from file /home/moritz.pabst/sherpa-on-the-rocks/tune/P2.jdf using direct job submission
04/14/26 16:37:47 ERROR: on Line 9 of submit file: 
04/14/26 16:37:47 Job submit try 3/6 failed, will try again in >= 4 seconds.
04/14/26 16:37:52 Submitting HTCondor Node P2_D1 job(s)...
04/14/26 16:37:52 Submitting node P2_D1 from file /home/moritz.pabst/sherpa-on-the-rocks/tune/P2.jdf using direct job submission
04/14/26 16:37:52 ERROR: on Line 9 of submit file: 
04/14/26 16:37:52 Job submit try 4/6 failed, will try again in >= 8 seconds.
04/14/26 16:38:03 Submitting HTCondor Node P2_D1 job(s)...
04/14/26 16:38:03 Submitting node P2_D1 from file /home/moritz.pabst/sherpa-on-the-rocks/tune/P2.jdf using direct job submission
04/14/26 16:38:03 ERROR: on Line 9 of submit file: 
04/14/26 16:38:03 Job submit try 5/6 failed, will try again in >= 16 seconds.
04/14/26 16:38:20 Submitting HTCondor Node P2_D1 job(s)...
04/14/26 16:38:20 Submitting node P2_D1 from file /home/moritz.pabst/sherpa-on-the-rocks/tune/P2.jdf using direct job submission
04/14/26 16:38:20 	assigned HTCondor ID (38612888.0.0)
04/14/26 16:38:20 Just submitted 1 job this cycle...
04/14/26 16:38:20 DAG status: 0 (DAG_STATUS_OK)
04/14/26 16:38:20 Of 8 nodes total:
04/14/26 16:38:20  Done     Pre   Queued    Post   Ready   Un-Ready   Failed   Futile
04/14/26 16:38:20   ===     ===      ===     ===     ===        ===      ===      ===
04/14/26 16:38:20     1       0        1       0       0          6        0        0
04/14/26 16:38:20 0 job proc(s) currently held
04/14/26 16:38:20 DAGMan Runtime Statistics: [ EventCycleTimeAvg = 0.1442514332857999; EventCycleTimeCount = 22.0; EventCycleTimeMax = 1.00145697593689; EventCycleTimeMin = 1.502037048339844E-05; EventCycleTimeStd = 0.3500242860127791; EventCycleTimeSum = 3.173531532287598; LogProcessCycleTimeAvg = 0.0002266565958658854; LogProcessCycleTimeCount = 3.0; LogProcessCycleTimeMax = 0.0002942085266113281; LogProcessCycleTimeMin = 0.0001499652862548828; LogProcessCycleTimeStd = 7.25546296363506E-05; LogProcessCycleTimeSum = 0.0006799697875976562; SleepCycleTimeAvg = 5.005041978575966; SleepCycleTimeCount = 22.0; SleepCycleTimeMax = 5.006037950515747; SleepCycleTimeMin = 5.00287389755249; SleepCycleTimeStd = 0.0005327434411119888; SleepCycleTimeSum = 110.1109235286713; SubmitCycleTimeAvg = 0.1490095905635668; SubmitCycleTimeCount = 23.0; SubmitCycleTimeMax = 1.001095056533813; SubmitCycleTimeMin = 5.960464477539062E-06; SubmitCycleTimeStd = 0.3427627398103458; SubmitCycleTimeSum = 3.427220582962036; ]
04/14/26 16:38:25 Currently monitoring 1 HTCondor log file(s)
04/14/26 16:38:25 Reassigning the id of job P2_D1 from (38612888.0.0) to (38612888.0.0)
04/14/26 16:38:25 Event: ULOG_SUBMIT for HTCondor Node P2_D1 (38612888.0.0) {04/14/26 16:38:20}
04/14/26 16:38:25 Number of idle job procs: 1
04/14/26 16:38:25 Reassigning the id of job P2_D1 from (38612888.0.0) to (38612888.1.0)
04/14/26 16:38:25 Event: ULOG_SUBMIT for HTCondor Node P2_D1 (38612888.1.0) {04/14/26 16:38:20}
04/14/26 16:38:25 Number of idle job procs: 2
04/14/26 16:38:25 Reassigning the id of job P2_D1 from (38612888.1.0) to (38612888.2.0)
04/14/26 16:38:25 Event: ULOG_SUBMIT for HTCondor Node P2_D1 (38612888.2.0) {04/14/26 16:38:20}
04/14/26 16:38:25 Number of idle job procs: 3
04/14/26 16:38:25 Reassigning the id of job P2_D1 from (38612888.2.0) to (38612888.3.0)
04/14/26 16:38:25 Event: ULOG_SUBMIT for HTCondor Node P2_D1 (38612888.3.0) {04/14/26 16:38:20}
04/14/26 16:38:25 Number of idle job procs: 4
04/14/26 16:38:25 Reassigning the id of job P2_D1 from (38612888.3.0) to (38612888.4.0)
04/14/26 16:38:25 Event: ULOG_SUBMIT for HTCondor Node P2_D1 (38612888.4.0) {04/14/26 16:38:20}
04/14/26 16:38:25 Number of idle job procs: 5
04/14/26 16:38:25 Reassigning the id of job P2_D1 from (38612888.4.0) to (38612888.5.0)
04/14/26 16:38:25 Event: ULOG_SUBMIT for HTCondor Node P2_D1 (38612888.5.0) {04/14/26 16:38:20}
04/14/26 16:38:25 Number of idle job procs: 6
04/14/26 16:38:25 Reassigning the id of job P2_D1 from (38612888.5.0) to (38612888.6.0)
04/14/26 16:38:25 Event: ULOG_SUBMIT for HTCondor Node P2_D1 (38612888.6.0) {04/14/26 16:38:20}
04/14/26 16:38:25 Number of idle job procs: 7
04/14/26 16:38:25 Reassigning the id of job P2_D1 from (38612888.6.0) to (38612888.7.0)
04/14/26 16:38:25 Event: ULOG_SUBMIT for HTCondor Node P2_D1 (38612888.7.0) {04/14/26 16:38:20}
04/14/26 16:38:25 Number of idle job procs: 8
04/14/26 16:38:25 Reassigning the id of job P2_D1 from (38612888.7.0) to (38612888.8.0)
04/14/26 16:38:25 Event: ULOG_SUBMIT for HTCondor Node P2_D1 (38612888.8.0) {04/14/26 16:38:20}
04/14/26 16:38:25 Number of idle job procs: 9
04/14/26 16:38:25 Reassigning the id of job P2_D1 from (38612888.8.0) to (38612888.9.0)
04/14/26 16:38:25 Event: ULOG_SUBMIT for HTCondor Node P2_D1 (38612888.9.0) {04/14/26 16:38:20}
04/14/26 16:38:25 Number of idle job procs: 10
04/14/26 16:38:25 Reassigning the id of job P2_D1 from (38612888.9.0) to (38612888.10.0)
04/14/26 16:38:25 Event: ULOG_SUBMIT for HTCondor Node P2_D1 (38612888.10.0) {04/14/26 16:38:20}
04/14/26 16:38:25 Number of idle job procs: 11
04/14/26 16:38:25 Reassigning the id of job P2_D1 from (38612888.10.0) to (38612888.11.0)
04/14/26 16:38:25 Event: ULOG_SUBMIT for HTCondor Node P2_D1 (38612888.11.0) {04/14/26 16:38:20}
04/14/26 16:38:25 Number of idle job procs: 12
04/14/26 16:38:25 Reassigning the id of job P2_D1 from (38612888.11.0) to (38612888.12.0)
04/14/26 16:38:25 Event: ULOG_SUBMIT for HTCondor Node P2_D1 (38612888.12.0) {04/14/26 16:38:20}
04/14/26 16:38:25 Number of idle job procs: 13
04/14/26 16:38:25 Reassigning the id of job P2_D1 from (38612888.12.0) to (38612888.13.0)
04/14/26 16:38:25 Event: ULOG_SUBMIT for HTCondor Node P2_D1 (38612888.13.0) {04/14/26 16:38:20}
04/14/26 16:38:25 Number of idle job procs: 14
04/14/26 16:38:25 Reassigning the id of job P2_D1 from (38612888.13.0) to (38612888.14.0)
04/14/26 16:38:25 Event: ULOG_SUBMIT for HTCondor Node P2_D1 (38612888.14.0) {04/14/26 16:38:20}
04/14/26 16:38:25 Number of idle job procs: 15
04/14/26 16:38:25 Reassigning the id of job P2_D1 from (38612888.14.0) to (38612888.15.0)
04/14/26 16:38:25 Event: ULOG_SUBMIT for HTCondor Node P2_D1 (38612888.15.0) {04/14/26 16:38:20}
04/14/26 16:38:25 Number of idle job procs: 16
04/14/26 16:38:25 Reassigning the id of job P2_D1 from (38612888.15.0) to (38612888.16.0)
04/14/26 16:38:25 Event: ULOG_SUBMIT for HTCondor Node P2_D1 (38612888.16.0) {04/14/26 16:38:20}
04/14/26 16:38:25 Number of idle job procs: 17
04/14/26 16:38:25 Reassigning the id of job P2_D1 from (38612888.16.0) to (38612888.17.0)
04/14/26 16:38:25 Event: ULOG_SUBMIT for HTCondor Node P2_D1 (38612888.17.0) {04/14/26 16:38:20}
04/14/26 16:38:25 Number of idle job procs: 18
04/14/26 16:38:25 Reassigning the id of job P2_D1 from (38612888.17.0) to (38612888.18.0)
04/14/26 16:38:25 Event: ULOG_SUBMIT for HTCondor Node P2_D1 (38612888.18.0) {04/14/26 16:38:20}
04/14/26 16:38:25 Number of idle job procs: 19
04/14/26 16:38:25 Reassigning the id of job P2_D1 from (38612888.18.0) to (38612888.19.0)
04/14/26 16:38:25 Event: ULOG_SUBMIT for HTCondor Node P2_D1 (38612888.19.0) {04/14/26 16:38:20}
04/14/26 16:38:25 Number of idle job procs: 20
04/14/26 16:38:25 Reassigning the id of job P2_D1 from (38612888.19.0) to (38612888.20.0)
04/14/26 16:38:25 Event: ULOG_SUBMIT for HTCondor Node P2_D1 (38612888.20.0) {04/14/26 16:38:20}
04/14/26 16:38:25 Number of idle job procs: 21
04/14/26 16:38:25 Reassigning the id of job P2_D1 from (38612888.20.0) to (38612888.21.0)
04/14/26 16:38:25 Event: ULOG_SUBMIT for HTCondor Node P2_D1 (38612888.21.0) {04/14/26 16:38:20}
04/14/26 16:38:25 Number of idle job procs: 22
04/14/26 16:38:25 Reassigning the id of job P2_D1 from (38612888.21.0) to (38612888.22.0)
04/14/26 16:38:25 Event: ULOG_SUBMIT for HTCondor Node P2_D1 (38612888.22.0) {04/14/26 16:38:20}
04/14/26 16:38:25 Number of idle job procs: 23
04/14/26 16:38:25 Reassigning the id of job P2_D1 from (38612888.22.0) to (38612888.23.0)
04/14/26 16:38:25 Event: ULOG_SUBMIT for HTCondor Node P2_D1 (38612888.23.0) {04/14/26 16:38:20}
04/14/26 16:38:25 Number of idle job procs: 24
04/14/26 16:38:25 Reassigning the id of job P2_D1 from (38612888.23.0) to (38612888.24.0)
04/14/26 16:38:25 Event: ULOG_SUBMIT for HTCondor Node P2_D1 (38612888.24.0) {04/14/26 16:38:20}
04/14/26 16:38:25 Number of idle job procs: 25
04/14/26 16:38:25 Reassigning the id of job P2_D1 from (38612888.24.0) to (38612888.25.0)
04/14/26 16:38:25 Event: ULOG_SUBMIT for HTCondor Node P2_D1 (38612888.25.0) {04/14/26 16:38:20}
04/14/26 16:38:25 Number of idle job procs: 26
04/14/26 16:38:25 Reassigning the id of job P2_D1 from (38612888.25.0) to (38612888.26.0)
04/14/26 16:38:25 Event: ULOG_SUBMIT for HTCondor Node P2_D1 (38612888.26.0) {04/14/26 16:38:20}
04/14/26 16:38:25 Number of idle job procs: 27
04/14/26 16:38:25 Reassigning the id of job P2_D1 from (38612888.26.0) to (38612888.27.0)
04/14/26 16:38:25 Event: ULOG_SUBMIT for HTCondor Node P2_D1 (38612888.27.0) {04/14/26 16:38:20}
04/14/26 16:38:25 Number of idle job procs: 28
04/14/26 16:38:25 Reassigning the id of job P2_D1 from (38612888.27.0) to (38612888.28.0)
04/14/26 16:38:25 Event: ULOG_SUBMIT for HTCondor Node P2_D1 (38612888.28.0) {04/14/26 16:38:20}
04/14/26 16:38:25 Number of idle job procs: 29
04/14/26 16:38:25 Reassigning the id of job P2_D1 from (38612888.28.0) to (38612888.29.0)
04/14/26 16:38:25 Event: ULOG_SUBMIT for HTCondor Node P2_D1 (38612888.29.0) {04/14/26 16:38:20}
04/14/26 16:38:25 Number of idle job procs: 30
04/14/26 16:38:25 Reassigning the id of job P2_D1 from (38612888.29.0) to (38612888.30.0)
04/14/26 16:38:25 Event: ULOG_SUBMIT for HTCondor Node P2_D1 (38612888.30.0) {04/14/26 16:38:20}
04/14/26 16:38:25 Number of idle job procs: 31
04/14/26 16:38:25 Reassigning the id of job P2_D1 from (38612888.30.0) to (38612888.31.0)
04/14/26 16:38:25 Event: ULOG_SUBMIT for HTCondor Node P2_D1 (38612888.31.0) {04/14/26 16:38:20}
04/14/26 16:38:25 Number of idle job procs: 32
04/14/26 16:38:25 Reassigning the id of job P2_D1 from (38612888.31.0) to (38612888.32.0)
04/14/26 16:38:25 Event: ULOG_SUBMIT for HTCondor Node P2_D1 (38612888.32.0) {04/14/26 16:38:20}
04/14/26 16:38:25 Number of idle job procs: 33
04/14/26 16:38:25 Reassigning the id of job P2_D1 from (38612888.32.0) to (38612888.33.0)
04/14/26 16:38:25 Event: ULOG_SUBMIT for HTCondor Node P2_D1 (38612888.33.0) {04/14/26 16:38:20}
04/14/26 16:38:25 Number of idle job procs: 34
04/14/26 16:38:25 Reassigning the id of job P2_D1 from (38612888.33.0) to (38612888.34.0)
04/14/26 16:38:25 Event: ULOG_SUBMIT for HTCondor Node P2_D1 (38612888.34.0) {04/14/26 16:38:20}
04/14/26 16:38:25 Number of idle job procs: 35
04/14/26 16:38:25 Reassigning the id of job P2_D1 from (38612888.34.0) to (38612888.35.0)
04/14/26 16:38:25 Event: ULOG_SUBMIT for HTCondor Node P2_D1 (38612888.35.0) {04/14/26 16:38:20}
04/14/26 16:38:25 Number of idle job procs: 36
04/14/26 16:38:25 Reassigning the id of job P2_D1 from (38612888.35.0) to (38612888.36.0)
04/14/26 16:38:25 Event: ULOG_SUBMIT for HTCondor Node P2_D1 (38612888.36.0) {04/14/26 16:38:20}
04/14/26 16:38:25 Number of idle job procs: 37
04/14/26 16:38:25 Reassigning the id of job P2_D1 from (38612888.36.0) to (38612888.37.0)
04/14/26 16:38:25 Event: ULOG_SUBMIT for HTCondor Node P2_D1 (38612888.37.0) {04/14/26 16:38:20}
04/14/26 16:38:25 Number of idle job procs: 38
04/14/26 16:38:25 Reassigning the id of job P2_D1 from (38612888.37.0) to (38612888.38.0)
04/14/26 16:38:25 Event: ULOG_SUBMIT for HTCondor Node P2_D1 (38612888.38.0) {04/14/26 16:38:20}
04/14/26 16:38:25 Number of idle job procs: 39
04/14/26 16:38:25 Reassigning the id of job P2_D1 from (38612888.38.0) to (38612888.39.0)
04/14/26 16:38:25 Event: ULOG_SUBMIT for HTCondor Node P2_D1 (38612888.39.0) {04/14/26 16:38:20}
04/14/26 16:38:25 Number of idle job procs: 40
04/14/26 16:38:25 Reassigning the id of job P2_D1 from (38612888.39.0) to (38612888.40.0)
04/14/26 16:38:25 Event: ULOG_SUBMIT for HTCondor Node P2_D1 (38612888.40.0) {04/14/26 16:38:20}
04/14/26 16:38:25 Number of idle job procs: 41
04/14/26 16:38:25 Reassigning the id of job P2_D1 from (38612888.40.0) to (38612888.41.0)
04/14/26 16:38:25 Event: ULOG_SUBMIT for HTCondor Node P2_D1 (38612888.41.0) {04/14/26 16:38:20}
04/14/26 16:38:25 Number of idle job procs: 42
04/14/26 16:38:25 Reassigning the id of job P2_D1 from (38612888.41.0) to (38612888.42.0)
04/14/26 16:38:25 Event: ULOG_SUBMIT for HTCondor Node P2_D1 (38612888.42.0) {04/14/26 16:38:20}
04/14/26 16:38:25 Number of idle job procs: 43
04/14/26 16:38:25 Reassigning the id of job P2_D1 from (38612888.42.0) to (38612888.43.0)
04/14/26 16:38:25 Event: ULOG_SUBMIT for HTCondor Node P2_D1 (38612888.43.0) {04/14/26 16:38:20}
04/14/26 16:38:25 Number of idle job procs: 44
04/14/26 16:38:25 Reassigning the id of job P2_D1 from (38612888.43.0) to (38612888.44.0)
04/14/26 16:38:25 Event: ULOG_SUBMIT for HTCondor Node P2_D1 (38612888.44.0) {04/14/26 16:38:20}
04/14/26 16:38:25 Number of idle job procs: 45
04/14/26 16:38:25 Reassigning the id of job P2_D1 from (38612888.44.0) to (38612888.45.0)
04/14/26 16:38:25 Event: ULOG_SUBMIT for HTCondor Node P2_D1 (38612888.45.0) {04/14/26 16:38:20}
04/14/26 16:38:25 Number of idle job procs: 46
04/14/26 16:38:25 Reassigning the id of job P2_D1 from (38612888.45.0) to (38612888.46.0)
04/14/26 16:38:25 Event: ULOG_SUBMIT for HTCondor Node P2_D1 (38612888.46.0) {04/14/26 16:38:20}
04/14/26 16:38:25 Number of idle job procs: 47
04/14/26 16:38:25 Reassigning the id of job P2_D1 from (38612888.46.0) to (38612888.47.0)
04/14/26 16:38:25 Event: ULOG_SUBMIT for HTCondor Node P2_D1 (38612888.47.0) {04/14/26 16:38:20}
04/14/26 16:38:25 Number of idle job procs: 48
04/14/26 16:38:25 Reassigning the id of job P2_D1 from (38612888.47.0) to (38612888.48.0)
04/14/26 16:38:25 Event: ULOG_SUBMIT for HTCondor Node P2_D1 (38612888.48.0) {04/14/26 16:38:20}
04/14/26 16:38:25 Number of idle job procs: 49
04/14/26 16:38:25 Reassigning the id of job P2_D1 from (38612888.48.0) to (38612888.49.0)
04/14/26 16:38:25 Event: ULOG_SUBMIT for HTCondor Node P2_D1 (38612888.49.0) {04/14/26 16:38:20}
04/14/26 16:38:25 Number of idle job procs: 50
04/14/26 16:38:55 Currently monitoring 1 HTCondor log file(s)
04/14/26 16:38:55 Event: ULOG_EXECUTE for HTCondor Node P2_D1 (38612888.3.0) {04/14/26 16:38:53}
04/14/26 16:38:55 Number of idle job procs: 49
04/14/26 16:38:55 Event: ULOG_EXECUTE for HTCondor Node P2_D1 (38612888.11.0) {04/14/26 16:38:53}
04/14/26 16:38:55 Number of idle job procs: 48
04/14/26 16:38:55 Event: ULOG_EXECUTE for HTCondor Node P2_D1 (38612888.4.0) {04/14/26 16:38:53}
04/14/26 16:38:55 Number of idle job procs: 47
04/14/26 16:38:55 Event: ULOG_EXECUTE for HTCondor Node P2_D1 (38612888.5.0) {04/14/26 16:38:53}
04/14/26 16:38:55 Number of idle job procs: 46
04/14/26 16:38:55 Event: ULOG_EXECUTE for HTCondor Node P2_D1 (38612888.2.0) {04/14/26 16:38:53}
04/14/26 16:38:55 Number of idle job procs: 45
04/14/26 16:38:55 Event: ULOG_EXECUTE for HTCondor Node P2_D1 (38612888.0.0) {04/14/26 16:38:53}
04/14/26 16:38:55 Number of idle job procs: 44
04/14/26 16:38:55 Event: ULOG_EXECUTE for HTCondor Node P2_D1 (38612888.7.0) {04/14/26 16:38:53}
04/14/26 16:38:55 Number of idle job procs: 43
04/14/26 16:38:55 Event: ULOG_EXECUTE for HTCondor Node P2_D1 (38612888.8.0) {04/14/26 16:38:53}
04/14/26 16:38:55 Number of idle job procs: 42
04/14/26 16:38:55 Event: ULOG_EXECUTE for HTCondor Node P2_D1 (38612888.6.0) {04/14/26 16:38:53}
04/14/26 16:38:55 Number of idle job procs: 41
04/14/26 16:38:55 Event: ULOG_EXECUTE for HTCondor Node P2_D1 (38612888.10.0) {04/14/26 16:38:53}
04/14/26 16:38:55 Number of idle job procs: 40
04/14/26 16:38:55 Event: ULOG_EXECUTE for HTCondor Node P2_D1 (38612888.15.0) {04/14/26 16:38:53}
04/14/26 16:38:55 Number of idle job procs: 39
04/14/26 16:38:55 Event: ULOG_EXECUTE for HTCondor Node P2_D1 (38612888.1.0) {04/14/26 16:38:53}
04/14/26 16:38:55 Number of idle job procs: 38
04/14/26 16:38:55 Event: ULOG_EXECUTE for HTCondor Node P2_D1 (38612888.12.0) {04/14/26 16:38:53}
04/14/26 16:38:55 Number of idle job procs: 37
04/14/26 16:38:55 Event: ULOG_EXECUTE for HTCondor Node P2_D1 (38612888.20.0) {04/14/26 16:38:53}
04/14/26 16:38:55 Number of idle job procs: 36
04/14/26 16:38:55 Event: ULOG_EXECUTE for HTCondor Node P2_D1 (38612888.13.0) {04/14/26 16:38:53}
04/14/26 16:38:55 Number of idle job procs: 35
04/14/26 16:38:55 Event: ULOG_EXECUTE for HTCondor Node P2_D1 (38612888.16.0) {04/14/26 16:38:53}
04/14/26 16:38:55 Number of idle job procs: 34
04/14/26 16:38:55 Event: ULOG_EXECUTE for HTCondor Node P2_D1 (38612888.14.0) {04/14/26 16:38:53}
04/14/26 16:38:55 Number of idle job procs: 33
04/14/26 16:38:55 Event: ULOG_EXECUTE for HTCondor Node P2_D1 (38612888.18.0) {04/14/26 16:38:53}
04/14/26 16:38:55 Number of idle job procs: 32
04/14/26 16:38:55 Event: ULOG_EXECUTE for HTCondor Node P2_D1 (38612888.17.0) {04/14/26 16:38:53}
04/14/26 16:38:55 Number of idle job procs: 31
04/14/26 16:38:55 Event: ULOG_EXECUTE for HTCondor Node P2_D1 (38612888.19.0) {04/14/26 16:38:53}
04/14/26 16:38:55 Number of idle job procs: 30
04/14/26 16:38:55 Event: ULOG_EXECUTE for HTCondor Node P2_D1 (38612888.22.0) {04/14/26 16:38:53}
04/14/26 16:38:55 Number of idle job procs: 29
04/14/26 16:38:55 Event: ULOG_EXECUTE for HTCondor Node P2_D1 (38612888.21.0) {04/14/26 16:38:53}
04/14/26 16:38:55 Number of idle job procs: 28
04/14/26 16:38:55 Event: ULOG_EXECUTE for HTCondor Node P2_D1 (38612888.24.0) {04/14/26 16:38:53}
04/14/26 16:38:55 Number of idle job procs: 27
04/14/26 16:38:55 Event: ULOG_EXECUTE for HTCondor Node P2_D1 (38612888.23.0) {04/14/26 16:38:53}
04/14/26 16:38:55 Number of idle job procs: 26
04/14/26 16:38:55 Event: ULOG_EXECUTE for HTCondor Node P2_D1 (38612888.9.0) {04/14/26 16:38:54}
04/14/26 16:38:55 Number of idle job procs: 25
04/14/26 16:38:55 Event: ULOG_EXECUTE for HTCondor Node P2_D1 (38612888.25.0) {04/14/26 16:38:54}
04/14/26 16:38:55 Number of idle job procs: 24
04/14/26 16:38:55 Event: ULOG_EXECUTE for HTCondor Node P2_D1 (38612888.33.0) {04/14/26 16:38:55}
04/14/26 16:38:55 Number of idle job procs: 23
04/14/26 16:38:55 Event: ULOG_EXECUTE for HTCondor Node P2_D1 (38612888.36.0) {04/14/26 16:38:55}
04/14/26 16:38:55 Number of idle job procs: 22
04/14/26 16:38:55 Event: ULOG_EXECUTE for HTCondor Node P2_D1 (38612888.39.0) {04/14/26 16:38:55}
04/14/26 16:38:55 Number of idle job procs: 21
04/14/26 16:38:55 Event: ULOG_EXECUTE for HTCondor Node P2_D1 (38612888.45.0) {04/14/26 16:38:55}
04/14/26 16:38:55 Number of idle job procs: 20
04/14/26 16:38:55 Event: ULOG_EXECUTE for HTCondor Node P2_D1 (38612888.48.0) {04/14/26 16:38:55}
04/14/26 16:38:55 Number of idle job procs: 19
04/14/26 16:38:55 Event: ULOG_EXECUTE for HTCondor Node P2_D1 (38612888.42.0) {04/14/26 16:38:55}
04/14/26 16:38:55 Number of idle job procs: 18
04/14/26 16:38:55 Event: ULOG_EXECUTE for HTCondor Node P2_D1 (38612888.27.0) {04/14/26 16:38:55}
04/14/26 16:38:55 Number of idle job procs: 17
04/14/26 16:39:00 Currently monitoring 1 HTCondor log file(s)
04/14/26 16:39:00 Event: ULOG_EXECUTE for HTCondor Node P2_D1 (38612888.28.0) {04/14/26 16:38:55}
04/14/26 16:39:00 Number of idle job procs: 16
04/14/26 16:39:00 Event: ULOG_EXECUTE for HTCondor Node P2_D1 (38612888.32.0) {04/14/26 16:38:55}
04/14/26 16:39:00 Number of idle job procs: 15
04/14/26 16:39:00 Event: ULOG_EXECUTE for HTCondor Node P2_D1 (38612888.35.0) {04/14/26 16:38:55}
04/14/26 16:39:00 Number of idle job procs: 14
04/14/26 16:39:00 Event: ULOG_EXECUTE for HTCondor Node P2_D1 (38612888.41.0) {04/14/26 16:38:55}
04/14/26 16:39:00 Number of idle job procs: 13
04/14/26 16:39:00 Event: ULOG_EXECUTE for HTCondor Node P2_D1 (38612888.49.0) {04/14/26 16:38:55}
04/14/26 16:39:00 Number of idle job procs: 12
04/14/26 16:39:00 Event: ULOG_EXECUTE for HTCondor Node P2_D1 (38612888.38.0) {04/14/26 16:38:55}
04/14/26 16:39:00 Number of idle job procs: 11
04/14/26 16:39:00 Event: ULOG_EXECUTE for HTCondor Node P2_D1 (38612888.44.0) {04/14/26 16:38:55}
04/14/26 16:39:00 Number of idle job procs: 10
04/14/26 16:39:00 Event: ULOG_EXECUTE for HTCondor Node P2_D1 (38612888.47.0) {04/14/26 16:38:55}
04/14/26 16:39:00 Number of idle job procs: 9
04/14/26 16:39:00 Event: ULOG_EXECUTE for HTCondor Node P2_D1 (38612888.26.0) {04/14/26 16:38:55}
04/14/26 16:39:00 Number of idle job procs: 8
04/14/26 16:39:00 Event: ULOG_JOB_TERMINATED for HTCondor Node P2_D1 (38612888.42.0) {04/14/26 16:38:56}
04/14/26 16:39:00 Number of idle job procs: 8
04/14/26 16:39:00 Node P2_D1 job proc (38612888.42.0) failed with status 1.
04/14/26 16:39:00 Executing: /usr/bin/condor_rm 38612888 -const DAGManJobId==38612881 -reason Node' 'Error:' 'DAG' 'node' 'P2_D1' '(38612888.42.0)' 'failed' 'with' 'signal' '-1.
04/14/26 16:39:00 Running: /usr/bin/condor_rm 38612888 -const DAGManJobId==38612881 -reason Node' 'Error:' 'DAG' 'node' 'P2_D1' '(38612888.42.0)' 'failed' 'with' 'signal' '-1.
04/14/26 16:39:00 Event: ULOG_JOB_TERMINATED for HTCondor Node P2_D1 (38612888.9.0) {04/14/26 16:38:56}
04/14/26 16:39:00 Number of idle job procs: 8
04/14/26 16:39:00 Node P2_D1 job proc (38612888.9.0) failed with status 1.
04/14/26 16:39:00 Event: ULOG_JOB_TERMINATED for HTCondor Node P2_D1 (38612888.21.0) {04/14/26 16:38:57}
04/14/26 16:39:00 Number of idle job procs: 8
04/14/26 16:39:00 Node P2_D1 job proc (38612888.21.0) failed with status 1.
04/14/26 16:39:00 Event: ULOG_JOB_TERMINATED for HTCondor Node P2_D1 (38612888.35.0) {04/14/26 16:38:58}
04/14/26 16:39:00 Number of idle job procs: 8
04/14/26 16:39:00 Node P2_D1 job proc (38612888.35.0) failed with status 1.
04/14/26 16:39:05 Currently monitoring 1 HTCondor log file(s)
04/14/26 16:39:05 Event: ULOG_JOB_EVICTED for HTCondor Node P2_D1 (38612888.25.0) {04/14/26 16:39:01}
04/14/26 16:39:05 Number of idle job procs: 8
04/14/26 16:39:05 Event: ULOG_JOB_ABORTED for HTCondor Node P2_D1 (38612888.25.0) {04/14/26 16:39:01}
04/14/26 16:39:05 Number of idle job procs: 8
04/14/26 16:39:10 Currently monitoring 1 HTCondor log file(s)
04/14/26 16:39:10 Event: ULOG_EXECUTE for HTCondor Node P2_D1 (38612888.31.0) {04/14/26 16:39:08}
04/14/26 16:39:10 Number of idle job procs: 7
04/14/26 16:39:10 Event: ULOG_EXECUTE for HTCondor Node P2_D1 (38612888.34.0) {04/14/26 16:39:08}
04/14/26 16:39:10 Number of idle job procs: 6
04/14/26 16:39:10 Event: ULOG_EXECUTE for HTCondor Node P2_D1 (38612888.40.0) {04/14/26 16:39:08}
04/14/26 16:39:10 Number of idle job procs: 5
04/14/26 16:39:10 Event: ULOG_EXECUTE for HTCondor Node P2_D1 (38612888.37.0) {04/14/26 16:39:08}
04/14/26 16:39:10 Number of idle job procs: 4
04/14/26 16:39:10 Event: ULOG_EXECUTE for HTCondor Node P2_D1 (38612888.43.0) {04/14/26 16:39:08}
04/14/26 16:39:10 Number of idle job procs: 3
04/14/26 16:39:10 Event: ULOG_JOB_EVICTED for HTCondor Node P2_D1 (38612888.29.0) {04/14/26 16:39:08}
04/14/26 16:39:10 Number of idle job procs: 3
04/14/26 16:39:10 Event: ULOG_JOB_EVICTED for HTCondor Node P2_D1 (38612888.46.0) {04/14/26 16:39:08}
04/14/26 16:39:10 Number of idle job procs: 3
04/14/26 16:39:10 Event: ULOG_JOB_EVICTED for HTCondor Node P2_D1 (38612888.30.0) {04/14/26 16:39:08}
04/14/26 16:39:10 Number of idle job procs: 3
04/14/26 16:39:10 Event: ULOG_JOB_ABORTED for HTCondor Node P2_D1 (38612888.29.0) {04/14/26 16:39:08}
04/14/26 16:39:10 Number of idle job procs: 2
04/14/26 16:39:10 Event: ULOG_JOB_ABORTED for HTCondor Node P2_D1 (38612888.46.0) {04/14/26 16:39:08}
04/14/26 16:39:10 Number of idle job procs: 1
04/14/26 16:39:10 Event: ULOG_JOB_ABORTED for HTCondor Node P2_D1 (38612888.30.0) {04/14/26 16:39:08}
04/14/26 16:39:10 Number of idle job procs: 0
04/14/26 16:39:25 Currently monitoring 1 HTCondor log file(s)
04/14/26 16:39:25 Event: ULOG_JOB_EVICTED for HTCondor Node P2_D1 (38612888.40.0) {04/14/26 16:39:21}
04/14/26 16:39:25 Number of idle job procs: 0
04/14/26 16:39:25 Event: ULOG_JOB_ABORTED for HTCondor Node P2_D1 (38612888.40.0) {04/14/26 16:39:21}
04/14/26 16:39:25 Number of idle job procs: 0
04/14/26 16:40:10 Currently monitoring 1 HTCondor log file(s)
04/14/26 16:40:10 Event: ULOG_JOB_EVICTED for HTCondor Node P2_D1 (38612888.11.0) {04/14/26 16:40:09}
04/14/26 16:40:10 Number of idle job procs: 0
04/14/26 16:40:10 Event: ULOG_JOB_ABORTED for HTCondor Node P2_D1 (38612888.11.0) {04/14/26 16:40:09}
04/14/26 16:40:10 Number of idle job procs: 0
04/14/26 16:40:15 Currently monitoring 1 HTCondor log file(s)
04/14/26 16:40:15 Event: ULOG_JOB_EVICTED for HTCondor Node P2_D1 (38612888.3.0) {04/14/26 16:40:14}
04/14/26 16:40:15 Number of idle job procs: 0
04/14/26 16:40:15 Event: ULOG_JOB_ABORTED for HTCondor Node P2_D1 (38612888.3.0) {04/14/26 16:40:14}
04/14/26 16:40:15 Number of idle job procs: 0
04/14/26 16:40:20 Currently monitoring 1 HTCondor log file(s)
04/14/26 16:40:20 Event: ULOG_JOB_EVICTED for HTCondor Node P2_D1 (38612888.4.0) {04/14/26 16:40:18}
04/14/26 16:40:20 Number of idle job procs: 0
04/14/26 16:40:20 Event: ULOG_JOB_ABORTED for HTCondor Node P2_D1 (38612888.4.0) {04/14/26 16:40:18}
04/14/26 16:40:20 Number of idle job procs: 0
04/14/26 16:40:25 Currently monitoring 1 HTCondor log file(s)
04/14/26 16:40:25 Event: ULOG_JOB_EVICTED for HTCondor Node P2_D1 (38612888.5.0) {04/14/26 16:40:22}
04/14/26 16:40:25 Number of idle job procs: 0
04/14/26 16:40:25 Event: ULOG_JOB_ABORTED for HTCondor Node P2_D1 (38612888.5.0) {04/14/26 16:40:22}
04/14/26 16:40:25 Number of idle job procs: 0
04/14/26 16:40:50 Currently monitoring 1 HTCondor log file(s)
04/14/26 16:40:50 Event: ULOG_JOB_EVICTED for HTCondor Node P2_D1 (38612888.26.0) {04/14/26 16:40:47}
04/14/26 16:40:50 Number of idle job procs: 0
04/14/26 16:40:50 Event: ULOG_JOB_ABORTED for HTCondor Node P2_D1 (38612888.26.0) {04/14/26 16:40:47}
04/14/26 16:40:50 Number of idle job procs: 0
04/14/26 16:41:00 Currently monitoring 1 HTCondor log file(s)
04/14/26 16:41:00 Event: ULOG_JOB_EVICTED for HTCondor Node P2_D1 (38612888.37.0) {04/14/26 16:40:58}
04/14/26 16:41:00 Number of idle job procs: 0
04/14/26 16:41:00 Event: ULOG_JOB_ABORTED for HTCondor Node P2_D1 (38612888.37.0) {04/14/26 16:40:58}
04/14/26 16:41:00 Number of idle job procs: 0
04/14/26 16:41:00 Event: ULOG_JOB_EVICTED for HTCondor Node P2_D1 (38612888.23.0) {04/14/26 16:40:59}
04/14/26 16:41:00 Number of idle job procs: 0
04/14/26 16:41:00 Event: ULOG_JOB_ABORTED for HTCondor Node P2_D1 (38612888.23.0) {04/14/26 16:40:59}
04/14/26 16:41:00 Number of idle job procs: 0
04/14/26 16:41:05 Currently monitoring 1 HTCondor log file(s)
04/14/26 16:41:05 Event: ULOG_JOB_EVICTED for HTCondor Node P2_D1 (38612888.43.0) {04/14/26 16:41:01}
04/14/26 16:41:05 Number of idle job procs: 0
04/14/26 16:41:05 Event: ULOG_JOB_ABORTED for HTCondor Node P2_D1 (38612888.43.0) {04/14/26 16:41:01}
04/14/26 16:41:05 Number of idle job procs: 0
04/14/26 16:41:10 Currently monitoring 1 HTCondor log file(s)
04/14/26 16:41:10 Event: ULOG_JOB_EVICTED for HTCondor Node P2_D1 (38612888.34.0) {04/14/26 16:41:07}
04/14/26 16:41:10 Number of idle job procs: 0
04/14/26 16:41:10 Event: ULOG_JOB_ABORTED for HTCondor Node P2_D1 (38612888.34.0) {04/14/26 16:41:07}
04/14/26 16:41:10 Number of idle job procs: 0
04/14/26 16:41:10 Event: ULOG_JOB_EVICTED for HTCondor Node P2_D1 (38612888.31.0) {04/14/26 16:41:07}
04/14/26 16:41:10 Number of idle job procs: 0
04/14/26 16:41:10 Event: ULOG_JOB_ABORTED for HTCondor Node P2_D1 (38612888.31.0) {04/14/26 16:41:07}
04/14/26 16:41:10 Number of idle job procs: 0
04/14/26 16:41:15 Currently monitoring 1 HTCondor log file(s)
04/14/26 16:41:15 Event: ULOG_JOB_EVICTED for HTCondor Node P2_D1 (38612888.45.0) {04/14/26 16:41:15}
04/14/26 16:41:15 Number of idle job procs: 0
04/14/26 16:41:15 Event: ULOG_JOB_ABORTED for HTCondor Node P2_D1 (38612888.45.0) {04/14/26 16:41:15}
04/14/26 16:41:15 Number of idle job procs: 0
04/14/26 16:41:20 Currently monitoring 1 HTCondor log file(s)
04/14/26 16:41:20 Event: ULOG_JOB_EVICTED for HTCondor Node P2_D1 (38612888.27.0) {04/14/26 16:41:16}
04/14/26 16:41:20 Number of idle job procs: 0
04/14/26 16:41:20 Event: ULOG_JOB_ABORTED for HTCondor Node P2_D1 (38612888.27.0) {04/14/26 16:41:16}
04/14/26 16:41:20 Number of idle job procs: 0
04/14/26 16:41:20 Event: ULOG_JOB_EVICTED for HTCondor Node P2_D1 (38612888.48.0) {04/14/26 16:41:17}
04/14/26 16:41:20 Number of idle job procs: 0
04/14/26 16:41:20 Event: ULOG_JOB_ABORTED for HTCondor Node P2_D1 (38612888.48.0) {04/14/26 16:41:17}
04/14/26 16:41:20 Number of idle job procs: 0
04/14/26 16:41:20 Event: ULOG_JOB_EVICTED for HTCondor Node P2_D1 (38612888.49.0) {04/14/26 16:41:17}
04/14/26 16:41:20 Number of idle job procs: 0
04/14/26 16:41:20 Event: ULOG_JOB_ABORTED for HTCondor Node P2_D1 (38612888.49.0) {04/14/26 16:41:17}
04/14/26 16:41:20 Number of idle job procs: 0
04/14/26 16:41:20 Event: ULOG_JOB_EVICTED for HTCondor Node P2_D1 (38612888.28.0) {04/14/26 16:41:18}
04/14/26 16:41:20 Number of idle job procs: 0
04/14/26 16:41:20 Event: ULOG_JOB_ABORTED for HTCondor Node P2_D1 (38612888.28.0) {04/14/26 16:41:18}
04/14/26 16:41:20 Number of idle job procs: 0
04/14/26 16:41:20 Event: ULOG_JOB_EVICTED for HTCondor Node P2_D1 (38612888.36.0) {04/14/26 16:41:18}
04/14/26 16:41:20 Number of idle job procs: 0
04/14/26 16:41:20 Event: ULOG_JOB_ABORTED for HTCondor Node P2_D1 (38612888.36.0) {04/14/26 16:41:18}
04/14/26 16:41:20 Number of idle job procs: 0
04/14/26 16:41:20 Event: ULOG_JOB_EVICTED for HTCondor Node P2_D1 (38612888.39.0) {04/14/26 16:41:20}
04/14/26 16:41:20 Number of idle job procs: 0
04/14/26 16:41:20 Event: ULOG_JOB_ABORTED for HTCondor Node P2_D1 (38612888.39.0) {04/14/26 16:41:20}
04/14/26 16:41:20 Number of idle job procs: 0
04/14/26 16:41:25 Currently monitoring 1 HTCondor log file(s)
04/14/26 16:41:25 Event: ULOG_JOB_EVICTED for HTCondor Node P2_D1 (38612888.0.0) {04/14/26 16:41:25}
04/14/26 16:41:25 Number of idle job procs: 0
04/14/26 16:41:25 Event: ULOG_JOB_ABORTED for HTCondor Node P2_D1 (38612888.0.0) {04/14/26 16:41:25}
04/14/26 16:41:25 Number of idle job procs: 0
04/14/26 16:41:25 Event: ULOG_JOB_EVICTED for HTCondor Node P2_D1 (38612888.13.0) {04/14/26 16:41:25}
04/14/26 16:41:25 Number of idle job procs: 0
04/14/26 16:41:25 Event: ULOG_JOB_ABORTED for HTCondor Node P2_D1 (38612888.13.0) {04/14/26 16:41:25}
04/14/26 16:41:25 Number of idle job procs: 0
04/14/26 16:41:25 Event: ULOG_JOB_EVICTED for HTCondor Node P2_D1 (38612888.41.0) {04/14/26 16:41:25}
04/14/26 16:41:25 Number of idle job procs: 0
04/14/26 16:41:25 Event: ULOG_JOB_ABORTED for HTCondor Node P2_D1 (38612888.41.0) {04/14/26 16:41:25}
04/14/26 16:41:25 Number of idle job procs: 0
04/14/26 16:41:30 Currently monitoring 1 HTCondor log file(s)
04/14/26 16:41:30 Event: ULOG_JOB_EVICTED for HTCondor Node P2_D1 (38612888.38.0) {04/14/26 16:41:26}
04/14/26 16:41:30 Number of idle job procs: 0
04/14/26 16:41:30 Event: ULOG_JOB_ABORTED for HTCondor Node P2_D1 (38612888.38.0) {04/14/26 16:41:26}
04/14/26 16:41:30 Number of idle job procs: 0
04/14/26 16:41:30 Event: ULOG_JOB_EVICTED for HTCondor Node P2_D1 (38612888.20.0) {04/14/26 16:41:26}
04/14/26 16:41:30 Number of idle job procs: 0
04/14/26 16:41:30 Event: ULOG_JOB_ABORTED for HTCondor Node P2_D1 (38612888.20.0) {04/14/26 16:41:26}
04/14/26 16:41:30 Number of idle job procs: 0
04/14/26 16:41:30 Event: ULOG_JOB_EVICTED for HTCondor Node P2_D1 (38612888.22.0) {04/14/26 16:41:27}
04/14/26 16:41:30 Number of idle job procs: 0
04/14/26 16:41:30 Event: ULOG_JOB_ABORTED for HTCondor Node P2_D1 (38612888.22.0) {04/14/26 16:41:27}
04/14/26 16:41:30 Number of idle job procs: 0
04/14/26 16:41:30 Event: ULOG_JOB_EVICTED for HTCondor Node P2_D1 (38612888.47.0) {04/14/26 16:41:27}
04/14/26 16:41:30 Number of idle job procs: 0
04/14/26 16:41:30 Event: ULOG_JOB_ABORTED for HTCondor Node P2_D1 (38612888.47.0) {04/14/26 16:41:27}
04/14/26 16:41:30 Number of idle job procs: 0
04/14/26 16:41:30 Event: ULOG_JOB_EVICTED for HTCondor Node P2_D1 (38612888.44.0) {04/14/26 16:41:28}
04/14/26 16:41:30 Number of idle job procs: 0
04/14/26 16:41:30 Event: ULOG_JOB_ABORTED for HTCondor Node P2_D1 (38612888.44.0) {04/14/26 16:41:28}
04/14/26 16:41:30 Number of idle job procs: 0
04/14/26 16:41:30 Event: ULOG_JOB_EVICTED for HTCondor Node P2_D1 (38612888.12.0) {04/14/26 16:41:28}
04/14/26 16:41:30 Number of idle job procs: 0
04/14/26 16:41:30 Event: ULOG_JOB_ABORTED for HTCondor Node P2_D1 (38612888.12.0) {04/14/26 16:41:28}
04/14/26 16:41:30 Number of idle job procs: 0
04/14/26 16:41:30 Event: ULOG_JOB_EVICTED for HTCondor Node P2_D1 (38612888.1.0) {04/14/26 16:41:30}
04/14/26 16:41:30 Number of idle job procs: 0
04/14/26 16:41:30 Event: ULOG_JOB_ABORTED for HTCondor Node P2_D1 (38612888.1.0) {04/14/26 16:41:30}
04/14/26 16:41:30 Number of idle job procs: 0
04/14/26 16:41:35 Currently monitoring 1 HTCondor log file(s)
04/14/26 16:41:35 Event: ULOG_JOB_EVICTED for HTCondor Node P2_D1 (38612888.10.0) {04/14/26 16:41:31}
04/14/26 16:41:35 Number of idle job procs: 0
04/14/26 16:41:35 Event: ULOG_JOB_ABORTED for HTCondor Node P2_D1 (38612888.10.0) {04/14/26 16:41:31}
04/14/26 16:41:35 Number of idle job procs: 0
04/14/26 16:41:35 Event: ULOG_JOB_EVICTED for HTCondor Node P2_D1 (38612888.33.0) {04/14/26 16:41:31}
04/14/26 16:41:35 Number of idle job procs: 0
04/14/26 16:41:35 Event: ULOG_JOB_ABORTED for HTCondor Node P2_D1 (38612888.33.0) {04/14/26 16:41:31}
04/14/26 16:41:35 Number of idle job procs: 0
04/14/26 16:41:35 Event: ULOG_JOB_EVICTED for HTCondor Node P2_D1 (38612888.8.0) {04/14/26 16:41:34}
04/14/26 16:41:35 Number of idle job procs: 0
04/14/26 16:41:35 Event: ULOG_JOB_ABORTED for HTCondor Node P2_D1 (38612888.8.0) {04/14/26 16:41:34}
04/14/26 16:41:35 Number of idle job procs: 0
04/14/26 16:41:35 Event: ULOG_JOB_EVICTED for HTCondor Node P2_D1 (38612888.14.0) {04/14/26 16:41:34}
04/14/26 16:41:35 Number of idle job procs: 0
04/14/26 16:41:35 Event: ULOG_JOB_ABORTED for HTCondor Node P2_D1 (38612888.14.0) {04/14/26 16:41:34}
04/14/26 16:41:35 Number of idle job procs: 0
04/14/26 16:41:40 Currently monitoring 1 HTCondor log file(s)
04/14/26 16:41:40 Event: ULOG_JOB_EVICTED for HTCondor Node P2_D1 (38612888.32.0) {04/14/26 16:41:35}
04/14/26 16:41:40 Number of idle job procs: 0
04/14/26 16:41:40 Event: ULOG_JOB_ABORTED for HTCondor Node P2_D1 (38612888.32.0) {04/14/26 16:41:35}
04/14/26 16:41:40 Number of idle job procs: 0
04/14/26 16:41:40 Event: ULOG_JOB_EVICTED for HTCondor Node P2_D1 (38612888.15.0) {04/14/26 16:41:37}
04/14/26 16:41:40 Number of idle job procs: 0
04/14/26 16:41:40 Event: ULOG_JOB_ABORTED for HTCondor Node P2_D1 (38612888.15.0) {04/14/26 16:41:37}
04/14/26 16:41:40 Number of idle job procs: 0
04/14/26 16:41:40 Event: ULOG_JOB_EVICTED for HTCondor Node P2_D1 (38612888.2.0) {04/14/26 16:41:39}
04/14/26 16:41:40 Number of idle job procs: 0
04/14/26 16:41:40 Event: ULOG_JOB_ABORTED for HTCondor Node P2_D1 (38612888.2.0) {04/14/26 16:41:39}
04/14/26 16:41:40 Number of idle job procs: 0
04/14/26 16:41:45 Currently monitoring 1 HTCondor log file(s)
04/14/26 16:41:45 Event: ULOG_JOB_EVICTED for HTCondor Node P2_D1 (38612888.24.0) {04/14/26 16:41:43}
04/14/26 16:41:45 Number of idle job procs: 0
04/14/26 16:41:45 Event: ULOG_JOB_ABORTED for HTCondor Node P2_D1 (38612888.24.0) {04/14/26 16:41:43}
04/14/26 16:41:45 Number of idle job procs: 0
04/14/26 16:41:45 Event: ULOG_JOB_EVICTED for HTCondor Node P2_D1 (38612888.7.0) {04/14/26 16:41:44}
04/14/26 16:41:45 Number of idle job procs: 0
04/14/26 16:41:45 Event: ULOG_JOB_ABORTED for HTCondor Node P2_D1 (38612888.7.0) {04/14/26 16:41:44}
04/14/26 16:41:45 Number of idle job procs: 0
04/14/26 16:41:45 Event: ULOG_JOB_EVICTED for HTCondor Node P2_D1 (38612888.18.0) {04/14/26 16:41:45}
04/14/26 16:41:45 Number of idle job procs: 0
04/14/26 16:41:45 Event: ULOG_JOB_ABORTED for HTCondor Node P2_D1 (38612888.18.0) {04/14/26 16:41:45}
04/14/26 16:41:45 Number of idle job procs: 0
04/14/26 16:41:50 Currently monitoring 1 HTCondor log file(s)
04/14/26 16:41:50 Event: ULOG_JOB_EVICTED for HTCondor Node P2_D1 (38612888.17.0) {04/14/26 16:41:48}
04/14/26 16:41:50 Number of idle job procs: 0
04/14/26 16:41:50 Event: ULOG_JOB_ABORTED for HTCondor Node P2_D1 (38612888.17.0) {04/14/26 16:41:48}
04/14/26 16:41:50 Number of idle job procs: 0
04/14/26 16:41:55 Currently monitoring 1 HTCondor log file(s)
04/14/26 16:41:55 Event: ULOG_JOB_EVICTED for HTCondor Node P2_D1 (38612888.16.0) {04/14/26 16:41:52}
04/14/26 16:41:55 Number of idle job procs: 0
04/14/26 16:41:55 Event: ULOG_JOB_ABORTED for HTCondor Node P2_D1 (38612888.16.0) {04/14/26 16:41:52}
04/14/26 16:41:55 Number of idle job procs: 0
04/14/26 16:42:20 Currently monitoring 1 HTCondor log file(s)
04/14/26 16:42:20 Event: ULOG_JOB_EVICTED for HTCondor Node P2_D1 (38612888.6.0) {04/14/26 16:42:17}
04/14/26 16:42:20 Number of idle job procs: 0
04/14/26 16:42:20 Event: ULOG_JOB_ABORTED for HTCondor Node P2_D1 (38612888.6.0) {04/14/26 16:42:17}
04/14/26 16:42:20 Number of idle job procs: 0
04/14/26 16:42:35 Currently monitoring 1 HTCondor log file(s)
04/14/26 16:42:35 Event: ULOG_JOB_EVICTED for HTCondor Node P2_D1 (38612888.19.0) {04/14/26 16:42:31}
04/14/26 16:42:35 Number of idle job procs: 0
04/14/26 16:42:35 Event: ULOG_JOB_ABORTED for HTCondor Node P2_D1 (38612888.19.0) {04/14/26 16:42:31}
04/14/26 16:42:35 Number of idle job procs: 0
04/14/26 16:42:35 Node P2_D1 job completed
04/14/26 16:42:35 Running POST script of Node P2_D1...
04/14/26 16:42:35 Warning: mysin has length 0 (ignore if produced by DAGMan; see gittrac #4987, #5031)
04/14/26 16:42:35 DAG status: 0 (DAG_STATUS_OK)
04/14/26 16:42:35 Of 8 nodes total:
04/14/26 16:42:35  Done     Pre   Queued    Post   Ready   Un-Ready   Failed   Futile
04/14/26 16:42:35   ===     ===      ===     ===     ===        ===      ===      ===
04/14/26 16:42:35     1       0        0       1       0          6        0        0
04/14/26 16:42:35 0 job proc(s) currently held
04/14/26 16:42:35 DAGMan Runtime Statistics: [ EventCycleTimeAvg = 0.04800972220015853; EventCycleTimeCount = 73.0; EventCycleTimeMax = 1.00145697593689; EventCycleTimeMin = 1.502037048339844E-05; EventCycleTimeStd = 0.2017868239965454; EventCycleTimeSum = 3.504709720611572; LogProcessCycleTimeAvg = 0.002526078905378069; LogProcessCycleTimeCount = 28.0; LogProcessCycleTimeMax = 0.06057500839233398; LogProcessCycleTimeMin = 0.0001149177551269531; LogProcessCycleTimeStd = 0.01140066779443813; LogProcessCycleTimeSum = 0.07073020935058594; SleepCycleTimeAvg = 5.004923209752122; SleepCycleTimeCount = 73.0; SleepCycleTimeMax = 5.006037950515747; SleepCycleTimeMin = 5.001600027084351; SleepCycleTimeStd = 0.0007244582448631674; SleepCycleTimeSum = 365.3593943119049; SubmitCycleTimeAvg = 0.04637415989025219; SubmitCycleTimeCount = 74.0; SubmitCycleTimeMax = 1.001095056533813; SubmitCycleTimeMin = 5.960464477539062E-06; SubmitCycleTimeStd = 0.2005556747685115; SubmitCycleTimeSum = 3.431687831878662; ]
04/14/26 16:42:35 Initializing user log writer for /home/moritz.pabst/MASTER/Drell-Yan/master/./tune.dag.nodes.log, (38612888.0.0)
04/14/26 16:42:40 Currently monitoring 1 HTCondor log file(s)
04/14/26 16:42:40 Event: ULOG_POST_SCRIPT_TERMINATED for HTCondor Node P2_D1 (38612888.0.0) {04/14/26 16:42:36}
04/14/26 16:42:40 POST Script of node P2_D1 completed successfully.
04/14/26 16:42:40 DAG status: 0 (DAG_STATUS_OK)
04/14/26 16:42:40 Of 8 nodes total:
04/14/26 16:42:40  Done     Pre   Queued    Post   Ready   Un-Ready   Failed   Futile
04/14/26 16:42:40   ===     ===      ===     ===     ===        ===      ===      ===
04/14/26 16:42:40     2       0        0       0       1          5        0        0
04/14/26 16:42:40 0 job proc(s) currently held
04/14/26 16:42:40 DAGMan Runtime Statistics: [ EventCycleTimeAvg = 0.04741722506445807; EventCycleTimeCount = 74.0; EventCycleTimeMax = 1.00145697593689; EventCycleTimeMin = 1.502037048339844E-05; EventCycleTimeStd = 0.2004647612222153; EventCycleTimeSum = 3.508874654769897; LogProcessCycleTimeAvg = 0.002442211940370757; LogProcessCycleTimeCount = 29.0; LogProcessCycleTimeMax = 0.06057500839233398; LogProcessCycleTimeMin = 9.393692016601562E-05; LogProcessCycleTimeStd = 0.01120433979148611; LogProcessCycleTimeSum = 0.07082414627075195; SleepCycleTimeAvg = 4.991408045227463; SleepCycleTimeCount = 74.0; SleepCycleTimeMax = 5.006037950515747; SleepCycleTimeMin = 4.004801034927368; SleepCycleTimeStd = 0.1162640674829443; SleepCycleTimeSum = 369.3641953468323; SubmitCycleTimeAvg = 0.0457559331258138; SubmitCycleTimeCount = 75.0; SubmitCycleTimeMax = 1.001095056533813; SubmitCycleTimeMin = 5.960464477539062E-06; SubmitCycleTimeStd = 0.1992678991865159; SubmitCycleTimeSum = 3.431694984436035; ]
04/14/26 16:42:45 Submitting HTCondor Node P3_D1 job(s)...
04/14/26 16:42:45 Submitting node P3_D1 from file /home/moritz.pabst/sherpa-on-the-rocks/tune/P3.jdf using direct job submission
04/14/26 16:42:45 	assigned HTCondor ID (38612889.0.0)
04/14/26 16:42:45 Just submitted 1 job this cycle...
04/14/26 16:42:45 DAG status: 0 (DAG_STATUS_OK)
04/14/26 16:42:45 Of 8 nodes total:
04/14/26 16:42:45  Done     Pre   Queued    Post   Ready   Un-Ready   Failed   Futile
04/14/26 16:42:45   ===     ===      ===     ===     ===        ===      ===      ===
04/14/26 16:42:45     2       0        1       0       0          5        0        0
04/14/26 16:42:45 0 job proc(s) currently held
04/14/26 16:42:45 DAGMan Runtime Statistics: [ EventCycleTimeAvg = 0.04678759574890137; EventCycleTimeCount = 75.0; EventCycleTimeMax = 1.00145697593689; EventCycleTimeMin = 1.502037048339844E-05; EventCycleTimeStd = 0.1991803135106045; EventCycleTimeSum = 3.509069681167603; LogProcessCycleTimeAvg = 0.002442211940370757; LogProcessCycleTimeCount = 29.0; LogProcessCycleTimeMax = 0.06057500839233398; LogProcessCycleTimeMin = 9.393692016601562E-05; LogProcessCycleTimeStd = 0.01120433979148611; LogProcessCycleTimeSum = 0.07082414627075195; SleepCycleTimeAvg = 4.991592152913412; SleepCycleTimeCount = 75.0; SleepCycleTimeMax = 5.006037950515747; SleepCycleTimeMin = 4.004801034927368; SleepCycleTimeStd = 0.1154868342854757; SleepCycleTimeSum = 374.3694114685059; SubmitCycleTimeAvg = 0.04528585546895077; SubmitCycleTimeCount = 76.0; SubmitCycleTimeMax = 1.001095056533813; SubmitCycleTimeMin = 5.960464477539062E-06; SubmitCycleTimeStd = 0.1979774069244333; SubmitCycleTimeSum = 3.441725015640259; ]
04/14/26 16:42:50 Currently monitoring 1 HTCondor log file(s)
04/14/26 16:42:50 Reassigning the id of job P3_D1 from (38612889.0.0) to (38612889.0.0)
04/14/26 16:42:50 Event: ULOG_SUBMIT for HTCondor Node P3_D1 (38612889.0.0) {04/14/26 16:42:45}
04/14/26 16:42:50 Number of idle job procs: 1
04/14/26 16:43:20 Currently monitoring 1 HTCondor log file(s)
04/14/26 16:43:20 Event: ULOG_EXECUTE for HTCondor Node P3_D1 (38612889.0.0) {04/14/26 16:43:17}
04/14/26 16:43:20 Number of idle job procs: 0
04/14/26 16:43:25 Currently monitoring 1 HTCondor log file(s)
04/14/26 16:43:25 Event: ULOG_JOB_TERMINATED for HTCondor Node P3_D1 (38612889.0.0) {04/14/26 16:43:23}
04/14/26 16:43:25 Number of idle job procs: 0
04/14/26 16:43:25 Node P3_D1 job proc (38612889.0.0) completed successfully.
04/14/26 16:43:25 Node P3_D1 job completed
04/14/26 16:43:25 DAG status: 0 (DAG_STATUS_OK)
04/14/26 16:43:25 Of 8 nodes total:
04/14/26 16:43:25  Done     Pre   Queued    Post   Ready   Un-Ready   Failed   Futile
04/14/26 16:43:25   ===     ===      ===     ===     ===        ===      ===      ===
04/14/26 16:43:25     3       0        0       0       1          4        0        0
04/14/26 16:43:25 0 job proc(s) currently held
04/14/26 16:43:25 DAGMan Runtime Statistics: [ EventCycleTimeAvg = 0.04241025016968509; EventCycleTimeCount = 83.0; EventCycleTimeMax = 1.00145697593689; EventCycleTimeMin = 1.502037048339844E-05; EventCycleTimeStd = 0.1896975986673222; EventCycleTimeSum = 3.520050764083862; LogProcessCycleTimeAvg = 0.002225011587142944; LogProcessCycleTimeCount = 32.0; LogProcessCycleTimeMax = 0.06057500839233398; LogProcessCycleTimeMin = 9.393692016601562E-05; LogProcessCycleTimeStd = 0.01067048533978248; LogProcessCycleTimeSum = 0.07120037078857422; SleepCycleTimeAvg = 4.992894908031785; SleepCycleTimeCount = 83.0; SleepCycleTimeMax = 5.006037950515747; SleepCycleTimeMin = 4.004801034927368; SleepCycleTimeStd = 0.1097821607520594; SleepCycleTimeSum = 414.4102773666382; SubmitCycleTimeAvg = 0.0409794705254691; SubmitCycleTimeCount = 84.0; SubmitCycleTimeMax = 1.001095056533813; SubmitCycleTimeMin = 5.960464477539062E-06; SubmitCycleTimeStd = 0.1886677479168425; SubmitCycleTimeSum = 3.442275524139404; ]
04/14/26 16:43:30 Submitting HTCondor Node P4_D1 job(s)...
04/14/26 16:43:30 Submitting node P4_D1 from file /home/moritz.pabst/sherpa-on-the-rocks/tune/P4.jdf using direct job submission
04/14/26 16:43:30 	assigned HTCondor ID (38612890.0.0)
04/14/26 16:43:30 Just submitted 1 job this cycle...
04/14/26 16:43:30 DAG status: 0 (DAG_STATUS_OK)
04/14/26 16:43:30 Of 8 nodes total:
04/14/26 16:43:30  Done     Pre   Queued    Post   Ready   Un-Ready   Failed   Futile
04/14/26 16:43:30   ===     ===      ===     ===     ===        ===      ===      ===
04/14/26 16:43:30     3       0        1       0       0          4        0        0
04/14/26 16:43:30 0 job proc(s) currently held
04/14/26 16:43:30 DAGMan Runtime Statistics: [ EventCycleTimeAvg = 0.04190835214796521; EventCycleTimeCount = 84.0; EventCycleTimeMax = 1.00145697593689; EventCycleTimeMin = 1.502037048339844E-05; EventCycleTimeStd = 0.1886074820992235; EventCycleTimeSum = 3.520301580429077; LogProcessCycleTimeAvg = 0.002225011587142944; LogProcessCycleTimeCount = 32.0; LogProcessCycleTimeMax = 0.06057500839233398; LogProcessCycleTimeMin = 9.393692016601562E-05; LogProcessCycleTimeStd = 0.01067048533978248; LogProcessCycleTimeSum = 0.07120037078857422; SleepCycleTimeAvg = 4.993049411546616; SleepCycleTimeCount = 84.0; SleepCycleTimeMax = 5.006037950515747; SleepCycleTimeMin = 4.004801034927368; SleepCycleTimeStd = 0.109128006087344; SleepCycleTimeSum = 419.4161505699158; SubmitCycleTimeAvg = 0.04058659497429343; SubmitCycleTimeCount = 85.0; SubmitCycleTimeMax = 1.001095056533813; SubmitCycleTimeMin = 5.960464477539062E-06; SubmitCycleTimeStd = 0.1875763385293946; SubmitCycleTimeSum = 3.449860572814941; ]
04/14/26 16:43:35 Currently monitoring 1 HTCondor log file(s)
04/14/26 16:43:35 Reassigning the id of job P4_D1 from (38612890.0.0) to (38612890.0.0)
04/14/26 16:43:35 Event: ULOG_SUBMIT for HTCondor Node P4_D1 (38612890.0.0) {04/14/26 16:43:30}
04/14/26 16:43:35 Number of idle job procs: 1
04/14/26 16:43:55 Currently monitoring 1 HTCondor log file(s)
04/14/26 16:43:55 Event: ULOG_EXECUTE for HTCondor Node P4_D1 (38612890.0.0) {04/14/26 16:43:52}
04/14/26 16:43:55 Number of idle job procs: 0
04/14/26 16:45:55 Currently monitoring 1 HTCondor log file(s)
04/14/26 16:45:55 Event: ULOG_JOB_TERMINATED for HTCondor Node P4_D1 (38612890.0.0) {04/14/26 16:45:53}
04/14/26 16:45:55 Number of idle job procs: 0
04/14/26 16:45:55 Node P4_D1 job proc (38612890.0.0) completed successfully.
04/14/26 16:45:55 Node P4_D1 job completed
04/14/26 16:45:55 DAG status: 0 (DAG_STATUS_OK)
04/14/26 16:45:55 Of 8 nodes total:
04/14/26 16:45:55  Done     Pre   Queued    Post   Ready   Un-Ready   Failed   Futile
04/14/26 16:45:55   ===     ===      ===     ===     ===        ===      ===      ===
04/14/26 16:45:55     4       0        0       0       1          3        0        0
04/14/26 16:45:55 0 job proc(s) currently held
04/14/26 16:45:55 DAGMan Runtime Statistics: [ EventCycleTimeAvg = 0.03124598697223495; EventCycleTimeCount = 113.0; EventCycleTimeMax = 1.00145697593689; EventCycleTimeMin = 1.502037048339844E-05; EventCycleTimeStd = 0.1633851692555388; EventCycleTimeSum = 3.530796527862549; LogProcessCycleTimeAvg = 0.002055529185703822; LogProcessCycleTimeCount = 35.0; LogProcessCycleTimeMax = 0.06057500839233398; LogProcessCycleTimeMin = 8.797645568847656E-05; LogProcessCycleTimeStd = 0.01020438817302008; LogProcessCycleTimeSum = 0.07194352149963379; SleepCycleTimeAvg = 4.996097543598276; SleepCycleTimeCount = 113.0; SleepCycleTimeMax = 5.006037950515747; SleepCycleTimeMin = 4.004801034927368; SleepCycleTimeStd = 0.0940884047213067; SleepCycleTimeSum = 564.5590224266052; SubmitCycleTimeAvg = 0.03027421549746865; SubmitCycleTimeCount = 114.0; SubmitCycleTimeMax = 1.001095056533813; SubmitCycleTimeMin = 5.006790161132812E-06; SubmitCycleTimeStd = 0.162694798514822; SubmitCycleTimeSum = 3.451260566711426; ]
04/14/26 16:46:00 Submitting HTCondor Node P6_D1 job(s)...
04/14/26 16:46:00 Submitting node P6_D1 from file /home/moritz.pabst/sherpa-on-the-rocks/tune/P6.jdf using direct job submission
04/14/26 16:46:00 	assigned HTCondor ID (38612892.0.0)
04/14/26 16:46:00 Just submitted 1 job this cycle...
04/14/26 16:46:00 DAG status: 0 (DAG_STATUS_OK)
04/14/26 16:46:00 Of 8 nodes total:
04/14/26 16:46:00  Done     Pre   Queued    Post   Ready   Un-Ready   Failed   Futile
04/14/26 16:46:00   ===     ===      ===     ===     ===        ===      ===      ===
04/14/26 16:46:00     4       0        1       0       0          3        0        0
04/14/26 16:46:00 0 job proc(s) currently held
04/14/26 16:46:00 DAGMan Runtime Statistics: [ EventCycleTimeAvg = 0.030976416771872; EventCycleTimeCount = 114.0; EventCycleTimeMax = 1.00145697593689; EventCycleTimeMin = 1.502037048339844E-05; EventCycleTimeStd = 0.1626860820485589; EventCycleTimeSum = 3.531311511993408; LogProcessCycleTimeAvg = 0.002055529185703822; LogProcessCycleTimeCount = 35.0; LogProcessCycleTimeMax = 0.06057500839233398; LogProcessCycleTimeMin = 8.797645568847656E-05; LogProcessCycleTimeStd = 0.01020438817302008; LogProcessCycleTimeSum = 0.07194352149963379; SleepCycleTimeAvg = 4.996176583725109; SleepCycleTimeCount = 114.0; SleepCycleTimeMax = 5.006037950515747; SleepCycleTimeMin = 4.004801034927368; SleepCycleTimeStd = 0.09367496068907913; SleepCycleTimeSum = 569.5641305446625; SubmitCycleTimeAvg = 0.03008693612140158; SubmitCycleTimeCount = 115.0; SubmitCycleTimeMax = 1.001095056533813; SubmitCycleTimeMin = 5.006790161132812E-06; SubmitCycleTimeStd = 0.161992103117042; SubmitCycleTimeSum = 3.459997653961182; ]
04/14/26 16:46:05 Currently monitoring 1 HTCondor log file(s)
04/14/26 16:46:05 Reassigning the id of job P6_D1 from (38612892.0.0) to (38612892.0.0)
04/14/26 16:46:05 Event: ULOG_SUBMIT for HTCondor Node P6_D1 (38612892.0.0) {04/14/26 16:46:00}
04/14/26 16:46:05 Number of idle job procs: 1
04/14/26 16:47:15 Currently monitoring 1 HTCondor log file(s)
04/14/26 16:47:15 Event: ULOG_EXECUTE for HTCondor Node P6_D1 (38612892.0.0) {04/14/26 16:47:10}
04/14/26 16:47:15 Number of idle job procs: 0
04/14/26 16:47:15 Event: ULOG_JOB_TERMINATED for HTCondor Node P6_D1 (38612892.0.0) {04/14/26 16:47:13}
04/14/26 16:47:15 Number of idle job procs: 0
04/14/26 16:47:15 Node P6_D1 job proc (38612892.0.0) completed successfully.
04/14/26 16:47:15 Node P6_D1 job completed
04/14/26 16:47:15 DAG status: 0 (DAG_STATUS_OK)
04/14/26 16:47:15 Of 8 nodes total:
04/14/26 16:47:15  Done     Pre   Queued    Post   Ready   Un-Ready   Failed   Futile
04/14/26 16:47:15   ===     ===      ===     ===     ===        ===      ===      ===
04/14/26 16:47:15     5       0        0       0       1          2        0        0
04/14/26 16:47:15 0 job proc(s) currently held
04/14/26 16:47:15 DAGMan Runtime Statistics: [ EventCycleTimeAvg = 0.02748021968575411; EventCycleTimeCount = 129.0; EventCycleTimeMax = 1.00145697593689; EventCycleTimeMin = 1.502037048339844E-05; EventCycleTimeStd = 0.1531646355619293; EventCycleTimeSum = 3.54494833946228; LogProcessCycleTimeAvg = 0.001963422105119035; LogProcessCycleTimeCount = 37.0; LogProcessCycleTimeMax = 0.06057500839233398; LogProcessCycleTimeMin = 8.797645568847656E-05; LogProcessCycleTimeStd = 0.009924581192343643; LogProcessCycleTimeSum = 0.0726466178894043; SleepCycleTimeAvg = 4.997195609780245; SleepCycleTimeCount = 129.0; SleepCycleTimeMax = 5.006037950515747; SleepCycleTimeMin = 4.004801034927368; SleepCycleTimeStd = 0.08806078459360646; SleepCycleTimeSum = 644.6382336616516; SubmitCycleTimeAvg = 0.0266216149696937; SubmitCycleTimeCount = 130.0; SubmitCycleTimeMax = 1.001095056533813; SubmitCycleTimeMin = 5.006790161132812E-06; SubmitCycleTimeStd = 0.152587322104654; SubmitCycleTimeSum = 3.460809946060181; ]
04/14/26 16:47:20 Submitting HTCondor Node P7_D1 job(s)...
04/14/26 16:47:20 Submitting node P7_D1 from file /home/moritz.pabst/sherpa-on-the-rocks/tune/P7.jdf using direct job submission
04/14/26 16:47:20 	assigned HTCondor ID (38612893.0.0)
04/14/26 16:47:20 Just submitted 1 job this cycle...
04/14/26 16:47:20 DAG status: 0 (DAG_STATUS_OK)
04/14/26 16:47:20 Of 8 nodes total:
04/14/26 16:47:20  Done     Pre   Queued    Post   Ready   Un-Ready   Failed   Futile
04/14/26 16:47:20   ===     ===      ===     ===     ===        ===      ===      ===
04/14/26 16:47:20     5       0        1       0       0          2        0        0
04/14/26 16:47:20 0 job proc(s) currently held
04/14/26 16:47:20 DAGMan Runtime Statistics: [ EventCycleTimeAvg = 0.02727274894714355; EventCycleTimeCount = 130.0; EventCycleTimeMax = 1.00145697593689; EventCycleTimeMin = 1.502037048339844E-05; EventCycleTimeStd = 0.1525881563671172; EventCycleTimeSum = 3.545457363128662; LogProcessCycleTimeAvg = 0.001963422105119035; LogProcessCycleTimeCount = 37.0; LogProcessCycleTimeMax = 0.06057500839233398; LogProcessCycleTimeMin = 8.797645568847656E-05; LogProcessCycleTimeStd = 0.009924581192343643; LogProcessCycleTimeSum = 0.0726466178894043; SleepCycleTimeAvg = 4.997257474752573; SleepCycleTimeCount = 130.0; SleepCycleTimeMax = 5.006037950515747; SleepCycleTimeMin = 4.004801034927368; SleepCycleTimeStd = 0.08772163565313713; SleepCycleTimeSum = 649.6434717178345; SubmitCycleTimeAvg = 0.02667143508678174; SubmitCycleTimeCount = 131.0; SubmitCycleTimeMax = 1.001095056533813; SubmitCycleTimeMin = 5.006790161132812E-06; SubmitCycleTimeStd = 0.152000384388745; SubmitCycleTimeSum = 3.493957996368408; ]
04/14/26 16:47:25 Currently monitoring 1 HTCondor log file(s)
04/14/26 16:47:25 Reassigning the id of job P7_D1 from (38612893.0.0) to (38612893.0.0)
04/14/26 16:47:25 Event: ULOG_SUBMIT for HTCondor Node P7_D1 (38612893.0.0) {04/14/26 16:47:20}
04/14/26 16:47:25 Number of idle job procs: 1
04/14/26 16:47:25 Reassigning the id of job P7_D1 from (38612893.0.0) to (38612893.1.0)
04/14/26 16:47:25 Event: ULOG_SUBMIT for HTCondor Node P7_D1 (38612893.1.0) {04/14/26 16:47:20}
04/14/26 16:47:25 Number of idle job procs: 2
04/14/26 16:47:25 Reassigning the id of job P7_D1 from (38612893.1.0) to (38612893.2.0)
04/14/26 16:47:25 Event: ULOG_SUBMIT for HTCondor Node P7_D1 (38612893.2.0) {04/14/26 16:47:20}
04/14/26 16:47:25 Number of idle job procs: 3
04/14/26 16:47:25 Reassigning the id of job P7_D1 from (38612893.2.0) to (38612893.3.0)
04/14/26 16:47:25 Event: ULOG_SUBMIT for HTCondor Node P7_D1 (38612893.3.0) {04/14/26 16:47:20}
04/14/26 16:47:25 Number of idle job procs: 4
04/14/26 16:47:25 Reassigning the id of job P7_D1 from (38612893.3.0) to (38612893.4.0)
04/14/26 16:47:25 Event: ULOG_SUBMIT for HTCondor Node P7_D1 (38612893.4.0) {04/14/26 16:47:20}
04/14/26 16:47:25 Number of idle job procs: 5
04/14/26 16:47:25 Reassigning the id of job P7_D1 from (38612893.4.0) to (38612893.5.0)
04/14/26 16:47:25 Event: ULOG_SUBMIT for HTCondor Node P7_D1 (38612893.5.0) {04/14/26 16:47:20}
04/14/26 16:47:25 Number of idle job procs: 6
04/14/26 16:47:50 Currently monitoring 1 HTCondor log file(s)
04/14/26 16:47:50 Event: ULOG_EXECUTE for HTCondor Node P7_D1 (38612893.1.0) {04/14/26 16:47:45}
04/14/26 16:47:50 Number of idle job procs: 5
04/14/26 16:47:50 Event: ULOG_EXECUTE for HTCondor Node P7_D1 (38612893.4.0) {04/14/26 16:47:45}
04/14/26 16:47:50 Number of idle job procs: 4
04/14/26 16:47:50 Event: ULOG_EXECUTE for HTCondor Node P7_D1 (38612893.2.0) {04/14/26 16:47:45}
04/14/26 16:47:50 Number of idle job procs: 3
04/14/26 16:47:50 Event: ULOG_EXECUTE for HTCondor Node P7_D1 (38612893.5.0) {04/14/26 16:47:45}
04/14/26 16:47:50 Number of idle job procs: 2
04/14/26 16:47:50 Event: ULOG_EXECUTE for HTCondor Node P7_D1 (38612893.3.0) {04/14/26 16:47:45}
04/14/26 16:47:50 Number of idle job procs: 1
04/14/26 16:47:50 Event: ULOG_EXECUTE for HTCondor Node P7_D1 (38612893.0.0) {04/14/26 16:47:45}
04/14/26 16:47:50 Number of idle job procs: 0
04/14/26 16:49:05 Currently monitoring 1 HTCondor log file(s)
04/14/26 16:49:05 Event: ULOG_JOB_TERMINATED for HTCondor Node P7_D1 (38612893.5.0) {04/14/26 16:49:04}
04/14/26 16:49:05 Number of idle job procs: 0
04/14/26 16:49:05 Node P7_D1 job proc (38612893.5.0) completed successfully.
04/14/26 16:49:05 Event: ULOG_JOB_TERMINATED for HTCondor Node P7_D1 (38612893.3.0) {04/14/26 16:49:05}
04/14/26 16:49:05 Number of idle job procs: 0
04/14/26 16:49:05 Node P7_D1 job proc (38612893.3.0) completed successfully.
04/14/26 16:49:10 Currently monitoring 1 HTCondor log file(s)
04/14/26 16:49:10 Event: ULOG_JOB_TERMINATED for HTCondor Node P7_D1 (38612893.4.0) {04/14/26 16:49:07}
04/14/26 16:49:10 Number of idle job procs: 0
04/14/26 16:49:10 Node P7_D1 job proc (38612893.4.0) completed successfully.
04/14/26 16:49:15 Currently monitoring 1 HTCondor log file(s)
04/14/26 16:49:15 Event: ULOG_JOB_TERMINATED for HTCondor Node P7_D1 (38612893.1.0) {04/14/26 16:49:12}
04/14/26 16:49:15 Number of idle job procs: 0
04/14/26 16:49:15 Node P7_D1 job proc (38612893.1.0) completed successfully.
04/14/26 16:49:15 Event: ULOG_JOB_TERMINATED for HTCondor Node P7_D1 (38612893.2.0) {04/14/26 16:49:14}
04/14/26 16:49:15 Number of idle job procs: 0
04/14/26 16:49:15 Node P7_D1 job proc (38612893.2.0) completed successfully.
04/14/26 16:50:40 Currently monitoring 1 HTCondor log file(s)
04/14/26 16:50:40 Event: ULOG_JOB_TERMINATED for HTCondor Node P7_D1 (38612893.0.0) {04/14/26 16:50:38}
04/14/26 16:50:40 Number of idle job procs: 0
04/14/26 16:50:40 Node P7_D1 job proc (38612893.0.0) completed successfully.
04/14/26 16:50:40 Node P7_D1 job completed
04/14/26 16:50:40 Running POST script of Node P7_D1...
04/14/26 16:50:40 Warning: mysin has length 0 (ignore if produced by DAGMan; see gittrac #4987, #5031)
04/14/26 16:50:40 DAG status: 0 (DAG_STATUS_OK)
04/14/26 16:50:40 Of 8 nodes total:
04/14/26 16:50:40  Done     Pre   Queued    Post   Ready   Un-Ready   Failed   Futile
04/14/26 16:50:40   ===     ===      ===     ===     ===        ===      ===      ===
04/14/26 16:50:40     5       0        0       1       0          2        0        0
04/14/26 16:50:40 0 job proc(s) currently held
04/14/26 16:50:40 DAGMan Runtime Statistics: [ EventCycleTimeAvg = 0.02107909567215863; EventCycleTimeCount = 170.0; EventCycleTimeMax = 1.00145697593689; EventCycleTimeMin = 1.502037048339844E-05; EventCycleTimeStd = 0.1338061830155103; EventCycleTimeSum = 3.583446264266968; LogProcessCycleTimeAvg = 0.001775480980096861; LogProcessCycleTimeCount = 43.0; LogProcessCycleTimeMax = 0.06057500839233398; LogProcessCycleTimeMin = 8.797645568847656E-05; LogProcessCycleTimeStd = 0.009204523601519471; LogProcessCycleTimeSum = 0.07634568214416504; SleepCycleTimeAvg = 4.999093834091635; SleepCycleTimeCount = 170.0; SleepCycleTimeMax = 5.006366968154907; SleepCycleTimeMin = 4.004801034927368; SleepCycleTimeStd = 0.07671280725573587; SleepCycleTimeSum = 849.845951795578; SubmitCycleTimeAvg = 0.02044526596515499; SubmitCycleTimeCount = 171.0; SubmitCycleTimeMax = 1.001095056533813; SubmitCycleTimeMin = 3.099441528320312E-06; SubmitCycleTimeStd = 0.1334000041552542; SubmitCycleTimeSum = 3.496140480041504; ]
04/14/26 16:50:40 Initializing user log writer for /home/moritz.pabst/MASTER/Drell-Yan/master/./tune.dag.nodes.log, (38612893.0.0)
04/14/26 16:50:45 Currently monitoring 1 HTCondor log file(s)
04/14/26 16:50:45 Event: ULOG_POST_SCRIPT_TERMINATED for HTCondor Node P7_D1 (38612893.0.0) {04/14/26 16:50:40}
04/14/26 16:50:45 POST Script of node P7_D1 completed successfully.
04/14/26 16:50:45 DAG status: 0 (DAG_STATUS_OK)
04/14/26 16:50:45 Of 8 nodes total:
04/14/26 16:50:45  Done     Pre   Queued    Post   Ready   Un-Ready   Failed   Futile
04/14/26 16:50:45   ===     ===      ===     ===     ===        ===      ===      ===
04/14/26 16:50:45     6       0        0       0       1          1        0        0
04/14/26 16:50:45 0 job proc(s) currently held
04/14/26 16:50:45 DAGMan Runtime Statistics: [ EventCycleTimeAvg = 0.02096970876057943; EventCycleTimeCount = 171.0; EventCycleTimeMax = 1.00145697593689; EventCycleTimeMin = 1.502037048339844E-05; EventCycleTimeStd = 0.1334197230901861; EventCycleTimeSum = 3.585820198059082; LogProcessCycleTimeAvg = 0.001739967953075062; LogProcessCycleTimeCount = 44.0; LogProcessCycleTimeMax = 0.06057500839233398; LogProcessCycleTimeMin = 8.797645568847656E-05; LogProcessCycleTimeStd = 0.009099914185598428; LogProcessCycleTimeSum = 0.07655858993530273; SleepCycleTimeAvg = 4.999136811808536; SleepCycleTimeCount = 171.0; SleepCycleTimeMax = 5.006443023681641; SleepCycleTimeMin = 4.004801034927368; SleepCycleTimeStd = 0.07648891328501337; SleepCycleTimeSum = 854.8523948192596; SubmitCycleTimeAvg = 0.02032647992289344; SubmitCycleTimeCount = 172.0; SubmitCycleTimeMax = 1.001095056533813; SubmitCycleTimeMin = 3.099441528320312E-06; SubmitCycleTimeStd = 0.1330184966126865; SubmitCycleTimeSum = 3.496154546737671; ]
04/14/26 16:50:50 Submitting HTCondor Node P8_D1 job(s)...
04/14/26 16:50:50 Submitting node P8_D1 from file /home/moritz.pabst/sherpa-on-the-rocks/tune/P8.jdf using direct job submission
04/14/26 16:50:50 	assigned HTCondor ID (38612895.0.0)
04/14/26 16:50:50 Just submitted 1 job this cycle...
04/14/26 16:50:50 DAG status: 0 (DAG_STATUS_OK)
04/14/26 16:50:50 Of 8 nodes total:
04/14/26 16:50:50  Done     Pre   Queued    Post   Ready   Un-Ready   Failed   Futile
04/14/26 16:50:50   ===     ===      ===     ===     ===        ===      ===      ===
04/14/26 16:50:50     6       0        1       0       0          1        0        0
04/14/26 16:50:50 0 job proc(s) currently held
04/14/26 16:50:50 DAGMan Runtime Statistics: [ EventCycleTimeAvg = 0.02085015247034472; EventCycleTimeCount = 172.0; EventCycleTimeMax = 1.00145697593689; EventCycleTimeMin = 1.502037048339844E-05; EventCycleTimeStd = 0.1330382751306464; EventCycleTimeSum = 3.586226224899292; LogProcessCycleTimeAvg = 0.001739967953075062; LogProcessCycleTimeCount = 44.0; LogProcessCycleTimeMax = 0.06057500839233398; LogProcessCycleTimeMin = 8.797645568847656E-05; LogProcessCycleTimeStd = 0.009099914185598428; LogProcessCycleTimeSum = 0.07655858993530273; SleepCycleTimeAvg = 4.999172446339629; SleepCycleTimeCount = 172.0; SleepCycleTimeMax = 5.006443023681641; SleepCycleTimeMin = 4.004801034927368; SleepCycleTimeStd = 0.07626636545224162; SleepCycleTimeSum = 859.8576607704163; SubmitCycleTimeAvg = 0.02031385829682984; SubmitCycleTimeCount = 173.0; SubmitCycleTimeMax = 1.001095056533813; SubmitCycleTimeMin = 3.099441528320312E-06; SubmitCycleTimeStd = 0.1326313551558216; SubmitCycleTimeSum = 3.514297485351562; ]
04/14/26 16:50:55 Currently monitoring 1 HTCondor log file(s)
04/14/26 16:50:55 Reassigning the id of job P8_D1 from (38612895.0.0) to (38612895.0.0)
04/14/26 16:50:55 Event: ULOG_SUBMIT for HTCondor Node P8_D1 (38612895.0.0) {04/14/26 16:50:50}
04/14/26 16:50:55 Number of idle job procs: 1
04/14/26 16:51:15 Currently monitoring 1 HTCondor log file(s)
04/14/26 16:51:15 Event: ULOG_EXECUTE for HTCondor Node P8_D1 (38612895.0.0) {04/14/26 16:51:15}
04/14/26 16:51:15 Number of idle job procs: 0
04/14/26 16:51:20 Currently monitoring 1 HTCondor log file(s)
04/14/26 16:51:20 Event: ULOG_JOB_TERMINATED for HTCondor Node P8_D1 (38612895.0.0) {04/14/26 16:51:20}
04/14/26 16:51:20 Number of idle job procs: 0
04/14/26 16:51:20 Node P8_D1 job proc (38612895.0.0) completed successfully.
04/14/26 16:51:20 Node P8_D1 job completed
04/14/26 16:51:20 DAG status: 0 (DAG_STATUS_OK)
04/14/26 16:51:20 Of 8 nodes total:
04/14/26 16:51:20  Done     Pre   Queued    Post   Ready   Un-Ready   Failed   Futile
04/14/26 16:51:20   ===     ===      ===     ===     ===        ===      ===      ===
04/14/26 16:51:20     7       0        0       0       1          0        0        0
04/14/26 16:51:20 0 job proc(s) currently held
04/14/26 16:51:20 DAGMan Runtime Statistics: [ EventCycleTimeAvg = 0.02025300599216075; EventCycleTimeCount = 178.0; EventCycleTimeMax = 1.00145697593689; EventCycleTimeMin = 1.502037048339844E-05; EventCycleTimeStd = 0.1308091733609757; EventCycleTimeSum = 3.605035066604614; LogProcessCycleTimeAvg = 0.001635500725279463; LogProcessCycleTimeCount = 47.0; LogProcessCycleTimeMax = 0.06057500839233398; LogProcessCycleTimeMin = 8.797645568847656E-05; LogProcessCycleTimeStd = 0.008807464739006544; LogProcessCycleTimeSum = 0.07686853408813477; SleepCycleTimeAvg = 4.999371083934656; SleepCycleTimeCount = 178.0; SleepCycleTimeMax = 5.006443023681641; SleepCycleTimeMin = 4.004801034927368; SleepCycleTimeStd = 0.07497015838771179; SleepCycleTimeSum = 889.8880529403687; SubmitCycleTimeAvg = 0.01963468503685637; SubmitCycleTimeCount = 179.0; SubmitCycleTimeMax = 1.001095056533813; SubmitCycleTimeMin = 3.099441528320312E-06; SubmitCycleTimeStd = 0.1304281177532685; SubmitCycleTimeSum = 3.51460862159729; ]
04/14/26 16:51:25 Submitting HTCondor Node P9 job(s)...
04/14/26 16:51:25 Submitting node P9 from file /home/moritz.pabst/sherpa-on-the-rocks/tune/P9.jdf using direct job submission
04/14/26 16:51:25 	assigned HTCondor ID (38612896.0.0)
04/14/26 16:51:25 Just submitted 1 job this cycle...
04/14/26 16:51:25 DAG status: 0 (DAG_STATUS_OK)
04/14/26 16:51:25 Of 8 nodes total:
04/14/26 16:51:25  Done     Pre   Queued    Post   Ready   Un-Ready   Failed   Futile
04/14/26 16:51:25   ===     ===      ===     ===     ===        ===      ===      ===
04/14/26 16:51:25     7       0        1       0       0          0        0        0
04/14/26 16:51:25 0 job proc(s) currently held
04/14/26 16:51:25 DAGMan Runtime Statistics: [ EventCycleTimeAvg = 0.02014100618202593; EventCycleTimeCount = 179.0; EventCycleTimeMax = 1.00145697593689; EventCycleTimeMin = 1.502037048339844E-05; EventCycleTimeStd = 0.130449820875659; EventCycleTimeSum = 3.605240106582642; LogProcessCycleTimeAvg = 0.001635500725279463; LogProcessCycleTimeCount = 47.0; LogProcessCycleTimeMax = 0.06057500839233398; LogProcessCycleTimeMin = 8.797645568847656E-05; LogProcessCycleTimeStd = 0.008807464739006544; LogProcessCycleTimeSum = 0.07686853408813477; SleepCycleTimeAvg = 4.999403781731036; SleepCycleTimeCount = 179.0; SleepCycleTimeMax = 5.006443023681641; SleepCycleTimeMin = 4.004801034927368; SleepCycleTimeStd = 0.07476055139325151; SleepCycleTimeSum = 894.8932769298553; SubmitCycleTimeAvg = 0.01967178185780843; SubmitCycleTimeCount = 180.0; SubmitCycleTimeMax = 1.001095056533813; SubmitCycleTimeMin = 3.099441528320312E-06; SubmitCycleTimeStd = 0.1300642354116929; SubmitCycleTimeSum = 3.540920734405518; ]
04/14/26 16:51:30 Currently monitoring 1 HTCondor log file(s)
04/14/26 16:51:30 Reassigning the id of job P9 from (38612896.0.0) to (38612896.0.0)
04/14/26 16:51:30 Event: ULOG_SUBMIT for HTCondor Node P9 (38612896.0.0) {04/14/26 16:51:25}
04/14/26 16:51:30 Number of idle job procs: 1
04/14/26 16:51:55 Currently monitoring 1 HTCondor log file(s)
04/14/26 16:51:55 Event: ULOG_EXECUTE for HTCondor Node P9 (38612896.0.0) {04/14/26 16:51:51}
04/14/26 16:51:55 Number of idle job procs: 0
04/14/26 16:52:15 Currently monitoring 1 HTCondor log file(s)
04/14/26 16:52:15 Event: ULOG_JOB_TERMINATED for HTCondor Node P9 (38612896.0.0) {04/14/26 16:52:11}
04/14/26 16:52:15 Number of idle job procs: 0
04/14/26 16:52:15 Node P9 job proc (38612896.0.0) completed successfully.
04/14/26 16:52:15 Node P9 job completed
04/14/26 16:52:15 DAG status: 0 (DAG_STATUS_OK)
04/14/26 16:52:15 Of 8 nodes total:
04/14/26 16:52:15  Done     Pre   Queued    Post   Ready   Un-Ready   Failed   Futile
04/14/26 16:52:15   ===     ===      ===     ===     ===        ===      ===      ===
04/14/26 16:52:15     8       0        0       0       0          0        0        0
04/14/26 16:52:15 0 job proc(s) currently held
04/14/26 16:52:15 DAGMan Runtime Statistics: [ EventCycleTimeAvg = 0.01924412338821976; EventCycleTimeCount = 189.0; EventCycleTimeMax = 1.00145697593689; EventCycleTimeMin = 1.502037048339844E-05; EventCycleTimeStd = 0.1270029816748796; EventCycleTimeSum = 3.637139320373535; LogProcessCycleTimeAvg = 0.00154472827911377; LogProcessCycleTimeCount = 50.0; LogProcessCycleTimeMax = 0.06057500839233398; LogProcessCycleTimeMin = 8.797645568847656E-05; LogProcessCycleTimeStd = 0.008541306919686055; LogProcessCycleTimeSum = 0.07723641395568848; SleepCycleTimeAvg = 4.999710258352693; SleepCycleTimeCount = 189.0; SleepCycleTimeMax = 5.006443023681641; SleepCycleTimeMin = 4.004801034927368; SleepCycleTimeStd = 0.07275679366807911; SleepCycleTimeSum = 944.9452388286591; SubmitCycleTimeAvg = 0.01863847531770405; SubmitCycleTimeCount = 190.0; SubmitCycleTimeMax = 1.001095056533813; SubmitCycleTimeMin = 3.099441528320312E-06; SubmitCycleTimeStd = 0.126652922034241; SubmitCycleTimeSum = 3.54131031036377; ]
04/14/26 16:52:15 All jobs Completed!
04/14/26 16:52:15 Note: 0 total job deferrals because of -MaxJobs limit (0)
04/14/26 16:52:15 Note: 0 total job deferrals because of -MaxIdle limit (1000)
04/14/26 16:52:15 Note: 0 total job deferrals because of node category throttles
04/14/26 16:52:15 Note: 0 total PRE script deferrals because of -MaxPre limit (20) or DEFER
04/14/26 16:52:15 Note: 0 total POST script deferrals because of -MaxPost limit (20) or DEFER
04/14/26 16:52:15 Note: 0 total HOLD script deferrals because of -MaxHold limit (20) or DEFER
04/14/26 16:52:15 DAG status: 0 (DAG_STATUS_OK)
04/14/26 16:52:15 Of 8 nodes total:
04/14/26 16:52:15  Done     Pre   Queued    Post   Ready   Un-Ready   Failed   Futile
04/14/26 16:52:15   ===     ===      ===     ===     ===        ===      ===      ===
04/14/26 16:52:15     8       0        0       0       0          0        0        0
04/14/26 16:52:15 0 job proc(s) currently held
04/14/26 16:52:15 DAGMan Runtime Statistics: [ EventCycleTimeAvg = 0.01924412338821976; EventCycleTimeCount = 189.0; EventCycleTimeMax = 1.00145697593689; EventCycleTimeMin = 1.502037048339844E-05; EventCycleTimeStd = 0.1270029816748796; EventCycleTimeSum = 3.637139320373535; LogProcessCycleTimeAvg = 0.00154472827911377; LogProcessCycleTimeCount = 50.0; LogProcessCycleTimeMax = 0.06057500839233398; LogProcessCycleTimeMin = 8.797645568847656E-05; LogProcessCycleTimeStd = 0.008541306919686055; LogProcessCycleTimeSum = 0.07723641395568848; SleepCycleTimeAvg = 4.999710258352693; SleepCycleTimeCount = 189.0; SleepCycleTimeMax = 5.006443023681641; SleepCycleTimeMin = 4.004801034927368; SleepCycleTimeStd = 0.07275679366807911; SleepCycleTimeSum = 944.9452388286591; SubmitCycleTimeAvg = 0.01863847531770405; SubmitCycleTimeCount = 190.0; SubmitCycleTimeMax = 1.001095056533813; SubmitCycleTimeMin = 3.099441528320312E-06; SubmitCycleTimeStd = 0.126652922034241; SubmitCycleTimeSum = 3.54131031036377; ]
04/14/26 16:52:15 Wrote metrics file tune.dag.metrics.
04/14/26 16:52:15 DAGMan Runtime Statistics: [ EventCycleTimeAvg = 0.01924412338821976; EventCycleTimeCount = 189.0; EventCycleTimeMax = 1.00145697593689; EventCycleTimeMin = 1.502037048339844E-05; EventCycleTimeStd = 0.1270029816748796; EventCycleTimeSum = 3.637139320373535; LogProcessCycleTimeAvg = 0.00154472827911377; LogProcessCycleTimeCount = 50.0; LogProcessCycleTimeMax = 0.06057500839233398; LogProcessCycleTimeMin = 8.797645568847656E-05; LogProcessCycleTimeStd = 0.008541306919686055; LogProcessCycleTimeSum = 0.07723641395568848; SleepCycleTimeAvg = 4.999710258352693; SleepCycleTimeCount = 189.0; SleepCycleTimeMax = 5.006443023681641; SleepCycleTimeMin = 4.004801034927368; SleepCycleTimeStd = 0.07275679366807911; SleepCycleTimeSum = 944.9452388286591; SubmitCycleTimeAvg = 0.01863847531770405; SubmitCycleTimeCount = 190.0; SubmitCycleTimeMax = 1.001095056533813; SubmitCycleTimeMin = 3.099441528320312E-06; SubmitCycleTimeStd = 0.126652922034241; SubmitCycleTimeSum = 3.54131031036377; ]
04/14/26 16:52:15 **** condor_scheduniv_exec.38612881.0 (condor_DAGMAN) pid 1940914 EXITING WITH STATUS 0
