000 (38612889.000.000) 2026-04-14 16:42:45 Job submitted from host: <10.255.1.98:22107?addrs=10.255.1.98-22107&alias=rocks9.local>
    DAG Node: P3_D1
...
001 (38612889.000.000) 2026-04-14 16:43:17 Job executing on host: <10.255.255.249:43813?addrs=10.255.255.249-43813&alias=compute-20-22.local>
	SlotName: slot1_8@compute-20-22.local
	CondorScratchDir = "/scratch/condor/execute/dir_958408"
	Cpus = 8
	Disk = 3824
	GPUs = 0
	Memory = 128
...
006 (38612889.000.000) 2026-04-14 16:43:23 Image size of job updated: 19564
	0  -  MemoryUsage of job (MB)
	0  -  ResidentSetSize of job (KB)
...
005 (38612889.000.000) 2026-04-14 16:43:23 Job terminated.
	(1) Normal termination (return value 0)
		Usr 0 00:00:18, Sys 0 00:00:02  -  Run Remote Usage
		Usr 0 00:00:00, Sys 0 00:00:00  -  Run Local Usage
		Usr 0 00:00:18, Sys 0 00:00:02  -  Total Remote Usage
		Usr 0 00:00:00, Sys 0 00:00:00  -  Total Local Usage
	0  -  Run Bytes Sent By Job
	0  -  Run Bytes Received By Job
	0  -  Total Bytes Sent By Job
	0  -  Total Bytes Received By Job
	Partitionable Resources :    Usage  Request Allocated 
	   Cpus                 :                 8         8 
	   Disk (KB)            :     1500     1500      3824 
	   GPUs                 :                           0 
	   Memory (MB)          :        0        2       128 
...
