[2026-04-14 16:43:18] [Phase 3 | dir1] Running: bash /home/moritz.pabst/sherpa-on-the-rocks/yodamerge_runs.sh --rm newscan 8
Scanning input folder: newscan

Merge configuration:
  input folders  : 1
  total targets  : 10
  parallel jobs  : 8
  chunked mode   : disabled
  nmax           : all
  remove subdirs : true
  output dir     : <in-place>

Processing 10 nested directories...
Merging YODA files into newscan/00/00.yoda...
Merging YODA files into newscan/01/01.yoda...
Merging YODA files into newscan/02/02.yoda...
Merging YODA files into newscan/03/03.yoda...
Merging YODA files into newscan/05/05.yoda...
Merging YODA files into newscan/07/07.yoda...
Merging YODA files into newscan/06/06.yoda...
Merging YODA files into newscan/04/04.yoda...
Merging data file newscan/05/01/01.yoda.gz [1/3]
Merging data file newscan/05/02/02.yoda.gz [2/3]
Merging data file newscan/05/03/03.yoda.gz [3/3]
Writing merged data to newscan/05/05.yoda
Removing newscan/05/00...
Removing newscan/05/01...
Removing newscan/05/02...
Removing newscan/05/03...
Removing newscan/05/04...
Merging YODA files into newscan/08/08.yoda...
Merging data file newscan/07/01/01.yoda.gz [1/4]
Merging data file newscan/07/02/02.yoda.gz [2/4]
Merging data file newscan/07/03/03.yoda.gz [3/4]
Merging data file newscan/07/04/04.yoda.gz [4/4]
Writing merged data to newscan/07/07.yoda
Merging data file newscan/04/00/00.yoda.gz [1/4]
Merging data file newscan/04/02/02.yoda.gz [2/4]
Merging data file newscan/04/03/03.yoda.gz [3/4]
Merging data file newscan/04/04/04.yoda.gz [4/4]
Writing merged data to newscan/04/04.yoda
Removing newscan/07/00...
Removing newscan/07/01...
Removing newscan/07/02...
Removing newscan/04/00...
Removing newscan/07/03...
Removing newscan/04/01...
Removing newscan/07/04...
Removing newscan/04/02...
Removing newscan/04/03...
Removing newscan/04/04...
Merging data file newscan/06/01/01.yoda.gz [1/4]
Merging data file newscan/06/02/02.yoda.gz [2/4]
Merging data file newscan/06/03/03.yoda.gz [3/4]
Merging data file newscan/06/04/04.yoda.gz [4/4]
Writing merged data to newscan/06/06.yoda
Merging data file newscan/01/00/00.yoda.gz [1/4]
Merging data file newscan/01/01/01.yoda.gz [2/4]
Merging data file newscan/01/02/02.yoda.gz [3/4]
Merging data file newscan/01/03/03.yoda.gz [4/4]
Writing merged data to newscan/01/01.yoda
Removing newscan/06/00...
Removing newscan/06/01...
Merging YODA files into newscan/09/09.yoda...
Removing newscan/06/02...
Removing newscan/06/03...
Removing newscan/01/00...
Removing newscan/06/04...
Removing newscan/01/01...
Removing newscan/01/02...
Removing newscan/01/03...
Removing newscan/01/04...
Merging data file newscan/00/00/00.yoda.gz [1/5]
Merging data file newscan/00/01/01.yoda.gz [2/5]
Merging data file newscan/00/02/02.yoda.gz [3/5]
Merging data file newscan/00/03/03.yoda.gz [4/5]
Merging data file newscan/00/04/04.yoda.gz [5/5]
Writing merged data to newscan/00/00.yoda
Removing newscan/00/00...
Removing newscan/00/01...
Removing newscan/00/02...
Removing newscan/00/03...
Removing newscan/00/04...
Merging data file newscan/03/00/00.yoda.gz [1/5]
Merging data file newscan/03/01/01.yoda.gz [2/5]
Merging data file newscan/03/02/02.yoda.gz [3/5]
Merging data file newscan/03/03/03.yoda.gz [4/5]
Merging data file newscan/03/04/04.yoda.gz [5/5]
Writing merged data to newscan/03/03.yoda
Removing newscan/03/00...
Removing newscan/03/01...
Removing newscan/03/02...
Removing newscan/03/03...
Removing newscan/03/04...
Merging data file newscan/02/00/00.yoda.gz [1/5]
Merging data file newscan/02/01/01.yoda.gz [2/5]
Merging data file newscan/02/02/02.yoda.gz [3/5]
Merging data file newscan/02/03/03.yoda.gz [4/5]
Merging data file newscan/02/04/04.yoda.gz [5/5]
Writing merged data to newscan/02/02.yoda
Removing newscan/02/00...
Removing newscan/02/01...
Removing newscan/02/02...
Removing newscan/02/03...
Removing newscan/02/04...
Merging data file newscan/08/01/01.yoda.gz [1/3]
Merging data file newscan/08/03/03.yoda.gz [2/3]
Merging data file newscan/08/04/04.yoda.gz [3/3]
Writing merged data to newscan/08/08.yoda
Removing newscan/08/00...
Removing newscan/08/01...
Removing newscan/08/02...
Removing newscan/08/03...
Removing newscan/08/04...
Merging data file newscan/09/00/00.yoda.gz [1/4]
Merging data file newscan/09/02/02.yoda.gz [2/4]
Merging data file newscan/09/03/03.yoda.gz [3/4]
Merging data file newscan/09/04/04.yoda.gz [4/4]
Writing merged data to newscan/09/09.yoda
Removing newscan/09/00...
Removing newscan/09/01...
Removing newscan/09/02...
Removing newscan/09/03...
Removing newscan/09/04...
Done! Merge run finished.
[2026-04-14 16:43:23] [Phase 3 | dir1] Completed successfully.
